#
# An unexpected error has been detected by Java Runtime Environment:
#
#  SIGSEGV (0xb) at pc=0xb7636e2a, pid=2607, tid=3084761280
#
# Java VM: Java HotSpot(TM) Server VM (10.0-b23 mixed mode linux-x86)
# Problematic frame:
# C  [libmemcache.so.0+0x2e2a]  mcm_res_free_on_delete+0xd
#
# If you would like to submit a bug report, please visit:
#   http://java.sun.com/webapps/bugreport/crash.jsp
# The crash happened outside the Java Virtual Machine in native code.
# See problematic frame for where to report the bug.
#

---------------  T H R E A D  ---------------

Current thread (0x08608400):  JavaThread "main" [_thread_in_native, id=2607, stack(0xbfb7c000,0xbfbcc000)]

siginfo:si_signo=SIGSEGV: si_errno=0, si_code=1 (SEGV_MAPERR), si_addr=0x00000026

Registers:
EAX=0x085418b0, EBX=0xb789c5f4, ECX=0x00000001, EDX=0x00000000
ESP=0xbfbc7498, EBP=0xbfbc7498, ESI=0x0816b1b8, EDI=0x00000000
EIP=0xb7636e2a, CR2=0x00000026, EFLAGS=0x00210202

Top of Stack: (sp=0xbfbc7498)
0xbfbc7498:   bfbc74d8 b7899d9f 085418b0 00000000
0xbfbc74a8:   00000001 00000013 00000001 0854b7a4
0xbfbc74b8:   08eff290 08099e5a 0920804c 00000013
0xbfbc74c8:   091934b4 08febc2c 00000000 091586ec
0xbfbc74d8:   bfbc74f8 0805cb97 0854b7a4 08febc2c
0xbfbc74e8:   00000000 0805ce6a 00000001 08febc2c
0xbfbc74f8:   bfbc7518 080c2e9c 091586ec 08febc2c
0xbfbc7508:   00000000 0854b7a4 08febc2c 0920804c 

Instructions: (pc=0xb7636e2a)
0xb7636e1a:   5b 5d c3 55 89 e5 8b 55 0c 8b 4d 10 85 c9 74 0d
0xb7636e2a:   0f b6 42 26 24 fd 0c 01 88 42 26 5d c3 0f b6 42 

Stack: [0xbfb7c000,0xbfbcc000],  sp=0xbfbc7498,  free space=301k
Native frames: (J=compiled Java code, j=interpreted, Vv=VM code, C=native code)
C  [libmemcache.so.0+0x2e2a]  mcm_res_free_on_delete+0xd
C  [_cmemcache.so+0x2d9f]
C  [python+0x14b97]  PyObject_Call+0x27
C  [python+0x7ae9c]  PyEval_CallObjectWithKeywords+0x6c
C  [python+0xc80f1]
C  [python+0x14b97]  PyObject_Call+0x27
C  [python+0x7faa7]  PyEval_EvalFrameEx+0x3d07
C  [python+0x816e5]  PyEval_EvalFrameEx+0x5945
C  [python+0x831f7]  PyEval_EvalCodeEx+0x6e7
C  [python+0x813fe]  PyEval_EvalFrameEx+0x565e
C  [python+0x831f7]  PyEval_EvalCodeEx+0x6e7
C  [python+0xcb72e]
C  [python+0x14b97]  PyObject_Call+0x27
C  [python+0x1abfb]
C  [python+0x15ecd]
C  [python+0x17a38]  PyObject_CallMethod+0x68
C  [_lucene.so+0x3ed54b]
v  ~BufferBlob::Interpreter
v  ~BufferBlob::Interpreter
v  ~BufferBlob::Interpreter
v  ~BufferBlob::Interpreter
v  ~BufferBlob::Interpreter
v  ~BufferBlob::Interpreter
v  ~BufferBlob::Interpreter
v  ~BufferBlob::StubRoutines (1)
V  [libjvm.so+0x3735bd]
V  [libjvm.so+0x4fd5d8]
V  [libjvm.so+0x373450]
V  [libjvm.so+0x39cce7]
V  [libjvm.so+0x380e5a]
C  [libjcc.so+0x7b2d]  _ZN6JCCEnv16callObjectMethodEP8_jobjectP10_jmethodIDz+0x4d
C  [_lucene.so+0x1a7b4a]  _ZNK3org6apache6lucene6search8Searcher6searchERKNS2_5QueryERKNS2_6FilterE+0x5a
C  [_lucene.so+0x2b7d84]
C  [python+0x14b97]  PyObject_Call+0x27
C  [_lucene.so+0x155a2c]  _Z9callSuperP11_typeobjectP7_objectPKcS2_i+0xcc
C  [_lucene.so+0x40c809]
C  [python+0x81ab3]  PyEval_EvalFrameEx+0x5d13
C  [python+0x831f7]  PyEval_EvalCodeEx+0x6e7
C  [python+0x813fe]  PyEval_EvalFrameEx+0x565e
C  [python+0x816e5]  PyEval_EvalFrameEx+0x5945
C  [python+0x831f7]  PyEval_EvalCodeEx+0x6e7
C  [python+0xcb6b6]
C  [python+0x14b97]  PyObject_Call+0x27
C  [python+0x7fe04]  PyEval_EvalFrameEx+0x4064
C  [python+0x816e5]  PyEval_EvalFrameEx+0x5945
C  [python+0x831f7]  PyEval_EvalCodeEx+0x6e7
C  [python+0xcb72e]
C  [python+0x14b97]  PyObject_Call+0x27
C  [python+0x1abfb]
C  [python+0x14b97]  PyObject_Call+0x27
C  [python+0x5577c]
C  [python+0x14b97]  PyObject_Call+0x27
C  [python+0x7faa7]  PyEval_EvalFrameEx+0x3d07
C  [python+0x831f7]  PyEval_EvalCodeEx+0x6e7
C  [python+0xcb72e]
C  [python+0x14b97]  PyObject_Call+0x27
C  [python+0x1abfb]
C  [python+0x14b97]  PyObject_Call+0x27
C  [python+0x5577c]
C  [python+0x14b97]  PyObject_Call+0x27
C  [python+0x7faa7]  PyEval_EvalFrameEx+0x3d07
C  [python+0x816e5]  PyEval_EvalFrameEx+0x5945
C  [python+0x816e5]  PyEval_EvalFrameEx+0x5945
C  [python+0x831f7]  PyEval_EvalCodeEx+0x6e7
C  [python+0xcb6b6]
C  [python+0x14b97]  PyObject_Call+0x27
C  [python+0x1abfb]
C  [python+0x14b97]  PyObject_Call+0x27
C  [python+0x7fe04]  PyEval_EvalFrameEx+0x4064
C  [python+0x831f7]  PyEval_EvalCodeEx+0x6e7
C  [python+0xcb72e]
C  [python+0x14b97]  PyObject_Call+0x27
C  [python+0x1abfb]
C  [python+0x14b97]  PyObject_Call+0x27
C  [python+0x7ae9c]  PyEval_CallObjectWithKeywords+0x6c
C  [python+0x1e40e]  PyInstance_New+0x6e
C  [python+0x14b97]  PyObject_Call+0x27
C  [python+0x7faa7]  PyEval_EvalFrameEx+0x3d07
C  [python+0x816e5]  PyEval_EvalFrameEx+0x5945
C  [python+0x816e5]  PyEval_EvalFrameEx+0x5945
C  [python+0x816e5]  PyEval_EvalFrameEx+0x5945
C  [python+0x816e5]  PyEval_EvalFrameEx+0x5945
C  [python+0x816e5]  PyEval_EvalFrameEx+0x5945
C  [python+0x831f7]  PyEval_EvalCodeEx+0x6e7
C  [python+0x813fe]  PyEval_EvalFrameEx+0x565e
C  [python+0x831f7]  PyEval_EvalCodeEx+0x6e7
C  [python+0xcb6b6]
C  [python+0x14b97]  PyObject_Call+0x27
C  [python+0x7fe04]  PyEval_EvalFrameEx+0x4064
C  [python+0x831f7]  PyEval_EvalCodeEx+0x6e7
C  [python+0xcb6b6]
C  [python+0x14b97]  PyObject_Call+0x27
C  [python+0x7fe04]  PyEval_EvalFrameEx+0x4064
C  [python+0x816e5]  PyEval_EvalFrameEx+0x5945
C  [python+0x816e5]  PyEval_EvalFrameEx+0x5945
C  [python+0x831f7]  PyEval_EvalCodeEx+0x6e7
C  [python+0x813fe]  PyEval_EvalFrameEx+0x565e
C  [python+0x831f7]  PyEval_EvalCodeEx+0x6e7
C  [python+0x83347]  PyEval_EvalCode+0x57
C  [python+0xa2818]  PyRun_FileExFlags+0xf8
...<more frames>...

Java frames: (J=compiled Java code, j=interpreted, Vv=VM code)
v  ~BufferBlob::Interpreter
v  ~BufferBlob::Interpreter
v  ~BufferBlob::Interpreter
v  ~BufferBlob::Interpreter
v  ~BufferBlob::Interpreter
v  ~BufferBlob::Interpreter
v  ~BufferBlob::Interpreter
v  ~BufferBlob::StubRoutines (1)

---------------  P R O C E S S  ---------------

Java Threads: ( => current thread )
  0x0880ac00 JavaThread "TimeLimitedCollector timer thread" daemon [_thread_blocked, id=2616, stack(0xab570000,0xab5c1000)]
  0x086ad000 JavaThread "Low Memory Detector" daemon [_thread_blocked, id=2614, stack(0xab64f000,0xab6a0000)]
  0x086abc00 JavaThread "CompilerThread1" daemon [_thread_blocked, id=2613, stack(0xab6a0000,0xab721000)]
  0x086a1400 JavaThread "CompilerThread0" daemon [_thread_blocked, id=2612, stack(0xab721000,0xab7a2000)]
  0x086a0000 JavaThread "Signal Dispatcher" daemon [_thread_blocked, id=2611, stack(0xab7a2000,0xab7f3000)]
  0x0868dc00 JavaThread "Finalizer" daemon [_thread_blocked, id=2610, stack(0xab7f3000,0xab844000)]
  0x0868cc00 JavaThread "Reference Handler" daemon [_thread_blocked, id=2609, stack(0xab844000,0xab895000)]
=>0x08608400 JavaThread "main" [_thread_in_native, id=2607, stack(0xbfb7c000,0xbfbcc000)]

Other Threads:
  0x08689800 VMThread [stack: 0xab895000,0xab916000] [id=2608]
  0x086ae800 WatcherThread [stack: 0xab5ce000,0xab64f000] [id=2615]

VM state:not at safepoint (normal execution)

VM Mutex/Monitor currently owned by a thread: None

Heap
 def new generation   total 960K, used 78K [0xabb20000, 0xabc20000, 0xac230000)
  eden space 896K,   1% used [0xabb20000, 0xabb23838, 0xabc00000)
  from space 64K, 100% used [0xabc00000, 0xabc10000, 0xabc10000)
  to   space 64K,   0% used [0xabc10000, 0xabc10000, 0xabc20000)
 tenured generation   total 4096K, used 1937K [0xac230000, 0xac630000, 0xafb20000)
   the space 4096K,  47% used [0xac230000, 0xac4144d8, 0xac414600, 0xac630000)
 compacting perm gen  total 16384K, used 3750K [0xafb20000, 0xb0b20000, 0xb3b20000)
   the space 16384K,  22% used [0xafb20000, 0xafec9a78, 0xafec9c00, 0xb0b20000)
No shared spaces configured.

Dynamic libraries:
06000000-0665d000 r-xp 00000000 08:03 116668     /usr/lib/jvm/java-6-sun-1.6.0.07/jre/lib/i386/server/libjvm.so
0665d000-066a1000 rw-p 0065c000 08:03 116668     /usr/lib/jvm/java-6-sun-1.6.0.07/jre/lib/i386/server/libjvm.so
066a1000-06ac3000 rw-p 066a1000 00:00 0 
08048000-08140000 r-xp 00000000 08:03 18508      /usr/bin/python2.5
08140000-08165000 rw-p 000f7000 08:03 18508      /usr/bin/python2.5
08165000-096cf000 rw-p 08165000 00:00 0          [heap]
a9b00000-a9bfe000 rw-p a9b00000 00:00 0 
a9bfe000-a9c00000 ---p a9bfe000 00:00 0 
a9f00000-a9f52000 rw-p a9f00000 00:00 0 
a9f52000-aa000000 ---p a9f52000 00:00 0 
aa065000-aa066000 ---p aa065000 00:00 0 
aa066000-aa866000 rwxp aa066000 00:00 0 
aa866000-aa9e7000 rw-p aa866000 00:00 0 
aa9e7000-aaa55000 r-xp 00000000 08:03 72219      /usr/lib/libsqlite3.so.0.8.6
aaa55000-aaa56000 r--p 0006d000 08:03 72219      /usr/lib/libsqlite3.so.0.8.6
aaa56000-aaa57000 rw-p 0006e000 08:03 72219      /usr/lib/libsqlite3.so.0.8.6
aaa67000-aaa74000 r-xp 00000000 08:03 19060      /usr/lib/python2.5/lib-dynload/_sqlite3.so
aaa74000-aaa76000 rw-p 0000c000 08:03 19060      /usr/lib/python2.5/lib-dynload/_sqlite3.so
aaa76000-aaaa9000 r-xp 00000000 08:03 19079      /usr/lib/python2.5/lib-dynload/pyexpat.so
aaaa9000-aaaac000 rw-p 00033000 08:03 19079      /usr/lib/python2.5/lib-dynload/pyexpat.so
aaaac000-aabd1000 r-xp 00000000 08:03 8567       /usr/lib/libdb-4.6.so
aabd1000-aabd3000 rw-p 00125000 08:03 8567       /usr/lib/libdb-4.6.so
aabd5000-aabd9000 r-xp 00000000 08:03 18551      /usr/lib/python2.5/lib-dynload/zlib.so
aabd9000-aabda000 rw-p 00004000 08:03 18551      /usr/lib/python2.5/lib-dynload/zlib.so
aabda000-aabe2000 r-xp 00000000 08:03 19081      /usr/lib/python2.5/lib-dynload/_elementtree.so
aabe2000-aabe3000 rw-p 00007000 08:03 19081      /usr/lib/python2.5/lib-dynload/_elementtree.so
aabe3000-aabf9000 r-xp 00000000 08:03 19058      /usr/lib/python2.5/lib-dynload/_bsddb.so
aabf9000-aabfb000 rw-p 00015000 08:03 19058      /usr/lib/python2.5/lib-dynload/_bsddb.so
aabfb000-aac0f000 r-xp 00000000 08:03 19005      /usr/lib/python2.5/lib-dynload/_ctypes.so
aac0f000-aac11000 rw-p 00014000 08:03 19005      /usr/lib/python2.5/lib-dynload/_ctypes.so
aac11000-aac42000 r-xp 00000000 08:03 118342     /usr/lib/python2.5/site-packages/numpy/random/mtrand.so
aac42000-aac46000 rw-p 00031000 08:03 118342     /usr/lib/python2.5/site-packages/numpy/random/mtrand.so
aac46000-aacdc000 r-xp 00000000 08:03 10782      /usr/lib/libgfortran.so.2.0.0
aacdc000-aacdd000 rw-p 00096000 08:03 10782      /usr/lib/libgfortran.so.2.0.0
aacdd000-aad5a000 r-xp 00000000 08:03 10795      /usr/lib/libblas.so.3gf.0
aad5a000-aad5b000 rw-p 0007d000 08:03 10795      /usr/lib/libblas.so.3gf.0
aad5b000-ab33d000 r-xp 00000000 08:03 32332      /usr/lib/liblapack.so.3gf.0
ab33d000-ab340000 rw-p 005e2000 08:03 32332      /usr/lib/liblapack.so.3gf.0
ab340000-ab44d000 rw-p ab340000 00:00 0 
ab44f000-ab452000 r-xp 00000000 08:03 18541      /usr/lib/python2.5/lib-dynload/select.so
ab452000-ab453000 rw-p 00002000 08:03 18541      /usr/lib/python2.5/lib-dynload/select.so
ab453000-ab45c000 r-xp 00000000 08:03 118340     /usr/lib/python2.5/site-packages/numpy/fft/fftpack_lite.so
ab45c000-ab45d000 rw-p 00008000 08:03 118340     /usr/lib/python2.5/site-packages/numpy/fft/fftpack_lite.so
ab45d000-ab461000 r-xp 00000000 08:03 118341     /usr/lib/python2.5/site-packages/numpy/linalg/lapack_lite.so
ab461000-ab462000 rw-p 00003000 08:03 118341     /usr/lib/python2.5/site-packages/numpy/linalg/lapack_lite.so
ab462000-ab465000 r-xp 00000000 08:03 118338     /usr/lib/python2.5/site-packages/numpy/lib/_compiled_base.so
ab465000-ab466000 rw-p 00002000 08:03 118338     /usr/lib/python2.5/site-packages/numpy/lib/_compiled_base.so
ab466000-ab480000 r-xp 00000000 08:03 118337     /usr/lib/python2.5/site-packages/numpy/core/scalarmath.so
ab480000-ab481000 rw-p 0001a000 08:03 118337     /usr/lib/python2.5/site-packages/numpy/core/scalarmath.so
ab481000-ab484000 r-xp 00000000 08:03 19038      /usr/lib/python2.5/lib-dynload/mmap.so
ab484000-ab485000 rw-p 00003000 08:03 19038      /usr/lib/python2.5/lib-dynload/mmap.so
ab485000-ab4ab000 r-xp 00000000 08:03 118335     /usr/lib/python2.5/site-packages/numpy/core/umath.so
ab4ab000-ab4ae000 rw-p 00025000 08:03 118335     /usr/lib/python2.5/site-packages/numpy/core/umath.so
ab4ae000-ab4af000 rw-p ab4ae000 00:00 0 
ab4af000-ab50a000 r-xp 00000000 08:03 118334     /usr/lib/python2.5/site-packages/numpy/core/multiarray.so
ab50a000-ab510000 rw-p 0005a000 08:03 118334     /usr/lib/python2.5/site-packages/numpy/core/multiarray.so
ab510000-ab511000 rw-p ab510000 00:00 0 
ab511000-ab549000 r-xp 00000000 08:03 2417       /lib/libncursesw.so.5.6
ab549000-ab54c000 rw-p 00037000 08:03 2417       /lib/libncursesw.so.5.6
ab54c000-ab55b000 r-xp 00000000 08:03 118336     /usr/lib/python2.5/site-packages/numpy/core/_sort.so
ab55b000-ab55c000 rw-p 0000e000 08:03 118336     /usr/lib/python2.5/site-packages/numpy/core/_sort.so
ab55c000-ab56b000 r-xp 00000000 08:03 19071      /usr/lib/python2.5/lib-dynload/_curses.so
ab56b000-ab56c000 rw-p 0000f000 08:03 19071      /usr/lib/python2.5/lib-dynload/_curses.so
ab56c000-ab56e000 r-xp 00000000 08:03 19019      /usr/lib/python2.5/lib-dynload/_heapq.so
ab56e000-ab570000 rw-p 00002000 08:03 19019      /usr/lib/python2.5/lib-dynload/_heapq.so
ab570000-ab573000 ---p ab570000 00:00 0 
ab573000-ab5c1000 rwxp ab573000 00:00 0 
ab5c1000-ab5ce000 r--s 000bb000 08:03 111160     /usr/lib/python2.5/site-packages/lucene/lucene-core-2.4.0.jar
ab5ce000-ab5cf000 ---p ab5ce000 00:00 0 
ab5cf000-ab64f000 rwxp ab5cf000 00:00 0 
ab64f000-ab652000 ---p ab64f000 00:00 0 
ab652000-ab6a0000 rwxp ab652000 00:00 0 
ab6a0000-ab6a3000 ---p ab6a0000 00:00 0 
ab6a3000-ab721000 rwxp ab6a3000 00:00 0 
ab721000-ab724000 ---p ab721000 00:00 0 
ab724000-ab7a2000 rwxp ab724000 00:00 0 
ab7a2000-ab7a5000 ---p ab7a2000 00:00 0 
ab7a5000-ab7f3000 rwxp ab7a5000 00:00 0 
ab7f3000-ab7f6000 ---p ab7f3000 00:00 0 
ab7f6000-ab844000 rwxp ab7f6000 00:00 0 
ab844000-ab847000 ---p ab844000 00:00 0 
ab847000-ab895000 rwxp ab847000 00:00 0 
ab895000-ab896000 ---p ab895000 00:00 0 
ab896000-ab916000 rwxp ab896000 00:00 0 
ab916000-abaa1000 r--s 02def000 08:03 116892     /usr/lib/jvm/java-6-sun-1.6.0.07/jre/lib/rt.jar
abaa1000-abaaa000 rwxp abaa1000 00:00 0 
abaaa000-abac2000 rwxp abaaa000 00:00 0 
abac2000-abac5000 rwxp abac2000 00:00 0 
abac5000-abadf000 rwxp abac5000 00:00 0 
abadf000-abae0000 rwxp abadf000 00:00 0 
abae0000-abae2000 rwxp abae0000 00:00 0 
abae2000-abae5000 rwxp abae2000 00:00 0 
abae5000-abaff000 rwxp abae5000 00:00 0 
abaff000-abb07000 rwxp abaff000 00:00 0 
abb07000-abb1f000 rwxp abb07000 00:00 0 
abb1f000-abc20000 rwxp abb1f000 00:00 0 
abc20000-ac230000 rwxp abc20000 00:00 0 
ac230000-ac630000 rwxp ac230000 00:00 0 
ac630000-afb20000 rwxp ac630000 00:00 0 
afb20000-b0b20000 rwxp afb20000 00:00 0 
b0b20000-b3b20000 rwxp b0b20000 00:00 0 
b3b23000-b3b25000 r--s 00002000 08:03 111167     /usr/lib/python2.5/site-packages/lucene/extensions.jar
b3b25000-b3b27000 r--s 00009000 08:03 111166     /usr/lib/python2.5/site-packages/lucene/lucene-instantiated-2.4.0.jar
b3b27000-b3b30000 rwxp b3b27000 00:00 0 
b3b30000-b3be7000 rwxp b3b30000 00:00 0 
b3be7000-b3e27000 rwxp b3be7000 00:00 0 
b3e27000-b6be7000 rwxp b3e27000 00:00 0 
b6be7000-b6bf6000 r-xp 00000000 08:03 116681     /usr/lib/jvm/java-6-sun-1.6.0.07/jre/lib/i386/libzip.so
b6bf6000-b6bf8000 rw-p 0000e000 08:03 116681     /usr/lib/jvm/java-6-sun-1.6.0.07/jre/lib/i386/libzip.so
b6bf8000-b6c01000 r-xp 00000000 08:03 7515       /lib/tls/i686/cmov/libnss_files-2.7.so
b6c01000-b6c03000 rw-p 00008000 08:03 7515       /lib/tls/i686/cmov/libnss_files-2.7.so
b6c03000-b6c0b000 r-xp 00000000 08:03 7676       /lib/tls/i686/cmov/libnss_nis-2.7.so
b6c0b000-b6c0d000 rw-p 00007000 08:03 7676       /lib/tls/i686/cmov/libnss_nis-2.7.so
b6c0d000-b6c14000 r-xp 00000000 08:03 7335       /lib/tls/i686/cmov/libnss_compat-2.7.so
b6c14000-b6c16000 rw-p 00006000 08:03 7335       /lib/tls/i686/cmov/libnss_compat-2.7.so
b6c16000-b6c1d000 r-xp 00000000 08:03 10806      /lib/tls/i686/cmov/librt-2.7.so
b6c1d000-b6c1f000 rw-p 00006000 08:03 10806      /lib/tls/i686/cmov/librt-2.7.so
b6c1f000-b6c6b000 r-xp 00000000 08:03 111127     /usr/lib/python2.5/site-packages/jcc/_jcc.so
b6c6b000-b6c6c000 r--p 0004b000 08:03 111127     /usr/lib/python2.5/site-packages/jcc/_jcc.so
b6c6c000-b6c6e000 rw-p 0004c000 08:03 111127     /usr/lib/python2.5/site-packages/jcc/_jcc.so
b6c6e000-b6c6f000 rw-p b6c6e000 00:00 0 
b6c6f000-b6c7a000 r-xp 00000000 08:03 116677     /usr/lib/jvm/java-6-sun-1.6.0.07/jre/lib/i386/libverify.so
b6c7a000-b6c7b000 rw-p 0000b000 08:03 116677     /usr/lib/jvm/java-6-sun-1.6.0.07/jre/lib/i386/libverify.so
b6c7b000-b6d85000 r-xp 00000000 08:03 19107      /usr/lib/libpython2.5.so.1.0
b6d85000-b6daa000 rw-p 0010a000 08:03 19107      /usr/lib/libpython2.5.so.1.0
b6daa000-b6db0000 rw-p b6daa000 00:00 0 
b6db0000-b6dba000 r-xp 00000000 08:03 10777      /lib/libgcc_s.so.1
b6dba000-b6dbb000 rw-p 0000a000 08:03 10777      /lib/libgcc_s.so.1
b6dbb000-b6ea3000 r-xp 00000000 08:03 116999     /usr/lib/libstdc++.so.6.0.9
b6ea3000-b6ea6000 r--p 000e8000 08:03 116999     /usr/lib/libstdc++.so.6.0.9
b6ea6000-b6ea8000 rw-p 000eb000 08:03 116999     /usr/lib/libstdc++.so.6.0.9
b6ea8000-b6eae000 rw-p b6ea8000 00:00 0 
b6eaf000-b6eb1000 r--s 00007000 08:03 111165     /usr/lib/python2.5/site-packages/lucene/lucene-queries-2.4.0.jar
b6eb1000-b6eb2000 r--s 00002000 08:03 111164     /usr/lib/python2.5/site-packages/lucene/lucene-regex-2.4.0.jar
b6eb2000-b6eb6000 r--s 00020000 08:03 111163     /usr/lib/python2.5/site-packages/lucene/lucene-analyzers-2.4.0.jar
b6eb6000-b6ebe000 rw-s 00000000 08:03 8803       /tmp/hsperfdata_b/2607
b6ebe000-b6ee1000 r-xp 00000000 08:03 116678     /usr/lib/jvm/java-6-sun-1.6.0.07/jre/lib/i386/libjava.so
b6ee1000-b6ee3000 rw-p 00023000 08:03 116678     /usr/lib/jvm/java-6-sun-1.6.0.07/jre/lib/i386/libjava.so
b6ee3000-b75f6000 r-xp 00000000 08:03 111170     /usr/lib/python2.5/site-packages/lucene/_lucene.so
b75f6000-b75ff000 r--p 00712000 08:03 111170     /usr/lib/python2.5/site-packages/lucene/_lucene.so
b75ff000-b7631000 rw-p 0071b000 08:03 111170     /usr/lib/python2.5/site-packages/lucene/_lucene.so
b7631000-b7634000 rw-p b7631000 00:00 0 
b7634000-b7640000 r-xp 00000000 08:03 122899     /usr/lib/libmemcache.so.0.4.0
b7640000-b7641000 rw-p 0000c000 08:03 122899     /usr/lib/libmemcache.so.0.4.0
b7641000-b7644000 r--s 00014000 08:03 111162     /usr/lib/python2.5/site-packages/lucene/lucene-highlighter-2.4.0.jar
b7644000-b764f000 r-xp 00000000 08:03 112257     /usr/lib/python2.5/site-packages/libjcc.so
b764f000-b7650000 r--p 0000a000 08:03 112257     /usr/lib/python2.5/site-packages/libjcc.so
b7650000-b7651000 rw-p 0000b000 08:03 112257     /usr/lib/python2.5/site-packages/libjcc.so
b7651000-b7662000 r-xp 00000000 08:03 19036      /usr/lib/python2.5/lib-dynload/cPickle.so
b7662000-b7663000 rw-p 00010000 08:03 19036      /usr/lib/python2.5/lib-dynload/cPickle.so
b7663000-b7677000 r-xp 00000000 08:03 7148       /lib/tls/i686/cmov/libnsl-2.7.so
b7677000-b7679000 rw-p 00013000 08:03 7148       /lib/tls/i686/cmov/libnsl-2.7.so
b7679000-b767b000 rw-p b7679000 00:00 0 
b767b000-b7684000 r-xp 00000000 08:03 6097       /lib/tls/i686/cmov/libcrypt-2.7.so
b7684000-b7686000 rw-p 00008000 08:03 6097       /lib/tls/i686/cmov/libcrypt-2.7.so
b7686000-b76ad000 rw-p b7686000 00:00 0 
b76ad000-b784b000 r-xp 00000000 08:03 72275      /usr/lib/libmysqlclient_r.so.15.0.0
b784b000-b788e000 rw-p 0019d000 08:03 72275      /usr/lib/libmysqlclient_r.so.15.0.0
b788e000-b788f000 rw-p b788e000 00:00 0 
b7890000-b7896000 r-xp 00000000 08:03 116666     /usr/lib/jvm/java-6-sun-1.6.0.07/jre/lib/i386/native_threads/libhpi.so
b7896000-b7897000 rw-p 00006000 08:03 116666     /usr/lib/jvm/java-6-sun-1.6.0.07/jre/lib/i386/native_threads/libhpi.so
b7897000-b789c000 r-xp 00000000 08:03 433        /usr/lib/python2.5/site-packages/_cmemcache.so
b789c000-b789d000 rw-p 00004000 08:03 433        /usr/lib/python2.5/site-packages/_cmemcache.so
b789d000-b789e000 r-xp 00000000 08:03 19017      /usr/lib/python2.5/lib-dynload/_bisect.so
b789e000-b789f000 rw-p 00001000 08:03 19017      /usr/lib/python2.5/lib-dynload/_bisect.so
b789f000-b78a7000 r-xp 00000000 08:03 114600     /usr/lib/python-support/python-mysqldb/python2.5/_mysql.so
b78a7000-b78ab000 rw-p 00007000 08:03 114600     /usr/lib/python-support/python-mysqldb/python2.5/_mysql.so
b78ab000-b78ad000 r-xp 00000000 08:03 19056      /usr/lib/python2.5/lib-dynload/_hashlib.so
b78ad000-b78ae000 rw-p 00002000 08:03 19056      /usr/lib/python2.5/lib-dynload/_hashlib.so
b78ae000-b78af000 r-xp 00000000 08:03 19009      /usr/lib/python2.5/lib-dynload/_weakref.so
b78af000-b78b0000 rw-p 00000000 08:03 19009      /usr/lib/python2.5/lib-dynload/_weakref.so
b78b1000-b78b7000 r-xp 00000000 08:03 18527      /usr/lib/python2.5/lib-dynload/array.so
b78b7000-b78b9000 rw-p 00006000 08:03 18527      /usr/lib/python2.5/lib-dynload/array.so
b78b9000-b78fa000 rw-p b78b9000 00:00 0 
b78fa000-b78fd000 r-xp 00000000 08:03 18532      /usr/lib/python2.5/lib-dynload/fcntl.so
b78fd000-b78fe000 rw-p 00003000 08:03 18532      /usr/lib/python2.5/lib-dynload/fcntl.so
b78fe000-b7903000 r-xp 00000000 08:03 18535      /usr/lib/python2.5/lib-dynload/itertools.so
b7903000-b7905000 rw-p 00005000 08:03 18535      /usr/lib/python2.5/lib-dynload/itertools.so
b7905000-b7907000 r-xp 00000000 08:03 18520      /usr/lib/python2.5/lib-dynload/_random.so
b7907000-b7908000 rw-p 00002000 08:03 18520      /usr/lib/python2.5/lib-dynload/_random.so
b7908000-b790b000 r-xp 00000000 08:03 18537      /usr/lib/python2.5/lib-dynload/math.so
b790b000-b790c000 rw-p 00002000 08:03 18537      /usr/lib/python2.5/lib-dynload/math.so
b796a000-b796d000 rw-p b796a000 00:00 0 
b796d000-b796f000 r--s 0001a000 08:03 111161     /usr/lib/python2.5/site-packages/lucene/lucene-snowball-2.4.0.jar
b796f000-b7971000 r-xp 00000000 08:03 19021      /usr/lib/python2.5/lib-dynload/_functools.so
b7971000-b7972000 rw-p 00001000 08:03 19021      /usr/lib/python2.5/lib-dynload/_functools.so
b7972000-b7ab7000 rw-p b7972000 00:00 0 
b7ab7000-b7ac6000 r-xp 00000000 08:03 19013      /usr/lib/python2.5/lib-dynload/datetime.so
b7ac6000-b7ac9000 rw-p 0000e000 08:03 19013      /usr/lib/python2.5/lib-dynload/datetime.so
b7ac9000-b7add000 r-xp 00000000 08:03 9249       /usr/lib/libz.so.1.2.3.3
b7add000-b7ade000 rw-p 00013000 08:03 9249       /usr/lib/libz.so.1.2.3.3
b7ade000-b7c08000 r-xp 00000000 08:03 17124      /usr/lib/i686/cmov/libcrypto.so.0.9.8
b7c08000-b7c1d000 rw-p 00129000 08:03 17124      /usr/lib/i686/cmov/libcrypto.so.0.9.8
b7c1d000-b7c20000 rw-p b7c1d000 00:00 0 
b7c20000-b7c5e000 r-xp 00000000 08:03 17125      /usr/lib/i686/cmov/libssl.so.0.9.8
b7c5e000-b7c62000 rw-p 0003d000 08:03 17125      /usr/lib/i686/cmov/libssl.so.0.9.8
b7c62000-b7c63000 rwxp b7c62000 00:00 0 
b7c63000-b7c64000 r--p b7c63000 00:00 0 
b7c64000-b7c68000 r-xp 00000000 08:03 18529      /usr/lib/python2.5/lib-dynload/binascii.so
b7c68000-b7c69000 rw-p 00003000 08:03 18529      /usr/lib/python2.5/lib-dynload/binascii.so
b7c69000-b7c6d000 r-xp 00000000 08:03 19015      /usr/lib/python2.5/lib-dynload/collections.so
b7c6d000-b7c6e000 rw-p 00004000 08:03 19015      /usr/lib/python2.5/lib-dynload/collections.so
b7c6e000-b7c71000 r-xp 00000000 08:03 18525      /usr/lib/python2.5/lib-dynload/cStringIO.so
b7c71000-b7c72000 rw-p 00003000 08:03 18525      /usr/lib/python2.5/lib-dynload/cStringIO.so
b7c72000-b7c75000 r-xp 00000000 08:03 19054      /usr/lib/python2.5/lib-dynload/_ssl.so
b7c75000-b7c76000 rw-p 00003000 08:03 19054      /usr/lib/python2.5/lib-dynload/_ssl.so
b7c76000-b7c81000 r-xp 00000000 08:03 18522      /usr/lib/python2.5/lib-dynload/_socket.so
b7c81000-b7c84000 rw-p 0000a000 08:03 18522      /usr/lib/python2.5/lib-dynload/_socket.so
b7c84000-b7c87000 r-xp 00000000 08:03 18547      /usr/lib/python2.5/lib-dynload/time.so
b7c87000-b7c89000 rw-p 00002000 08:03 18547      /usr/lib/python2.5/lib-dynload/time.so
b7c89000-b7ccb000 rw-p b7c89000 00:00 0 
b7ccb000-b7ccf000 r-xp 00000000 08:03 18543      /usr/lib/python2.5/lib-dynload/strop.so
b7ccf000-b7cd1000 rw-p 00004000 08:03 18543      /usr/lib/python2.5/lib-dynload/strop.so
b7cd1000-b7d13000 rw-p b7cd1000 00:00 0 
b7d13000-b7d1a000 r--s 00000000 08:03 2420       /usr/lib/gconv/gconv-modules.cache
b7d1a000-b7d59000 r--p 00000000 08:03 12234      /usr/lib/locale/en_US.utf8/LC_CTYPE
b7d59000-b7ddc000 rw-p b7d59000 00:00 0 
b7ddc000-b7f25000 r-xp 00000000 08:03 2480       /lib/tls/i686/cmov/libc-2.7.so
b7f25000-b7f26000 r--p 00149000 08:03 2480       /lib/tls/i686/cmov/libc-2.7.so
b7f26000-b7f28000 rw-p 0014a000 08:03 2480       /lib/tls/i686/cmov/libc-2.7.so
b7f28000-b7f2b000 rw-p b7f28000 00:00 0 
b7f2b000-b7f4e000 r-xp 00000000 08:03 6892       /lib/tls/i686/cmov/libm-2.7.so
b7f4e000-b7f50000 rw-p 00023000 08:03 6892       /lib/tls/i686/cmov/libm-2.7.so
b7f50000-b7f52000 r-xp 00000000 08:03 10809      /lib/tls/i686/cmov/libutil-2.7.so
b7f52000-b7f54000 rw-p 00001000 08:03 10809      /lib/tls/i686/cmov/libutil-2.7.so
b7f54000-b7f55000 rw-p b7f54000 00:00 0 
b7f55000-b7f57000 r-xp 00000000 08:03 6098       /lib/tls/i686/cmov/libdl-2.7.so
b7f57000-b7f59000 rw-p 00001000 08:03 6098       /lib/tls/i686/cmov/libdl-2.7.so
b7f59000-b7f6d000 r-xp 00000000 08:03 9252       /lib/tls/i686/cmov/libpthread-2.7.so
b7f6d000-b7f6f000 rw-p 00013000 08:03 9252       /lib/tls/i686/cmov/libpthread-2.7.so
b7f6f000-b7f71000 rw-p b7f6f000 00:00 0 
b7f71000-b7f76000 r-xp 00000000 08:03 18523      /usr/lib/python2.5/lib-dynload/_struct.so
b7f76000-b7f77000 rw-p 00005000 08:03 18523      /usr/lib/python2.5/lib-dynload/_struct.so
b7f77000-b7f7c000 r-xp 00000000 08:03 18539      /usr/lib/python2.5/lib-dynload/operator.so
b7f7c000-b7f7d000 rw-p 00005000 08:03 18539      /usr/lib/python2.5/lib-dynload/operator.so
b7f7d000-b7f80000 r-xp 00000000 08:03 19030      /usr/lib/python2.5/lib-dynload/_locale.so
b7f80000-b7f81000 rw-p 00003000 08:03 19030      /usr/lib/python2.5/lib-dynload/_locale.so
b7f81000-b7f83000 rw-p b7f81000 00:00 0 
b7f83000-b7f84000 r-xp b7f83000 00:00 0          [vdso]
b7f84000-b7f9e000 r-xp 00000000 08:03 16652      /lib/ld-2.7.so
b7f9e000-b7fa0000 rw-p 00019000 08:03 16652      /lib/ld-2.7.so
bfb7c000-bfb7f000 ---p bfb7c000 00:00 0 
bfb7f000-bfbcc000 rwxp bffb2000 00:00 0          [stack]
bfbcc000-bfbcd000 rw-p bffff000 00:00 0 

VM Arguments:
java_command: <unknown>
Launcher Type: generic

Environment Variables:
JAVA_HOME=/usr/lib/jvm/java-6-sun
CLASSPATH=/home/b/App/glassfish-v2ur2/lib/javaee.jar
PATH=/home/b/Programming/Library/java/hadoop-0.18.3/bin:/home/b/Programming/Library/Python/google_appengine:/usr/local/sbin:/usr/local/bin:/usr/sbin:/usr/bin:/sbin:/bin:/usr/games
USERNAME=b
LD_LIBRARY_PATH=/usr/lib/jvm/java-6-sun/jre/lib/i386/server:/usr/lib/jvm/java-6-sun/jre/lib/i386:/usr/lib/python2.5/site-packages:
SHELL=/bin/bash
DISPLAY=:0.0

Signal Handlers:
SIGSEGV: [libjvm.so+0x5edc30], sa_mask[0]=0x7ffbfeff, sa_flags=0x10000004
SIGBUS: [libjvm.so+0x5edc30], sa_mask[0]=0x7ffbfeff, sa_flags=0x10000004
SIGFPE: [libjvm.so+0x4fc6a0], sa_mask[0]=0x7ffbfeff, sa_flags=0x10000004
SIGPIPE: SIG_IGN, sa_mask[0]=0x00001000, sa_flags=0x10000000
SIGXFSZ: [libjvm.so+0x4fc6a0], sa_mask[0]=0x7ffbfeff, sa_flags=0x10000004
SIGILL: [libjvm.so+0x4fc6a0], sa_mask[0]=0x7ffbfeff, sa_flags=0x10000004
SIGUSR1: SIG_DFL, sa_mask[0]=0x00000000, sa_flags=0x00000000
SIGUSR2: [libjvm.so+0x4fe6e0], sa_mask[0]=0x00000000, sa_flags=0x10000004
SIGHUP: [libjvm.so+0x4fe480], sa_mask[0]=0x7ffbfeff, sa_flags=0x10000004
SIGINT: [libjvm.so+0x4fe480], sa_mask[0]=0x7ffbfeff, sa_flags=0x10000004
SIGTERM: [libjvm.so+0x4fe480], sa_mask[0]=0x7ffbfeff, sa_flags=0x10000004
SIGQUIT: [libjvm.so+0x4fe480], sa_mask[0]=0x7ffbfeff, sa_flags=0x10000004


---------------  S Y S T E M  ---------------

OS:lenny/sid

uname:Linux 2.6.24-24-generic #1 SMP Wed Mar 25 12:16:54 UTC 2009 i686
libc:glibc 2.7 NPTL 2.7 
rlimit: STACK 8192k, CORE 0k, NPROC 8115, NOFILE 1024, AS infinity
load average:0.75 0.61 0.47

CPU:total 1 (1 cores per cpu, 1 threads per core) family 6 model 6 stepping 1, cmov, cx8, fxsr, mmx, sse, sse2, sse3, ssse3

Memory: 4k page, physical 1025688k(19516k free), swap 2835432k(2512456k free)

vm_info: Java HotSpot(TM) Server VM (10.0-b23) for linux-x86 JRE (1.6.0_07-b06), built on Jun 10 2008 01:20:15 by "java_re" with gcc 3.2.1-7a (J2SE release)

time: Sun Apr 19 17:59:23 2009
elapsed time: 64 seconds

