#
# An unexpected error has been detected by Java Runtime Environment:
#
#  SIGSEGV (0xb) at pc=0xb766de2a, pid=2911, tid=3084986560
#
# Java VM: Java HotSpot(TM) Server VM (10.0-b23 mixed mode linux-x86)
# Problematic frame:
# C  [libmemcache.so.0+0x2e2a]  mcm_res_free_on_delete+0xd
#
# If you would like to submit a bug report, please visit:
#   http://java.sun.com/webapps/bugreport/crash.jsp
# The crash happened outside the Java Virtual Machine in native code.
# See problematic frame for where to report the bug.
#

---------------  T H R E A D  ---------------

Current thread (0x0860e000):  JavaThread "main" [_thread_in_native, id=2911, stack(0xbfca3000,0xbfcf3000)]

siginfo:si_signo=SIGSEGV: si_errno=0, si_code=1 (SEGV_MAPERR), si_addr=0x00000026

Registers:
EAX=0x085418b0, EBX=0xb78d35f4, ECX=0x00000001, EDX=0x00000000
ESP=0xbfceddb8, EBP=0xbfceddb8, ESI=0x0816b1b8, EDI=0x00000000
EIP=0xb766de2a, CR2=0x00000026, EFLAGS=0x00210202

Top of Stack: (sp=0xbfceddb8)
0xbfceddb8:   bfceddf8 b78d0d9f 085418b0 00000000
0xbfceddc8:   00000001 0000000c 00000001 0854b7a4
0xbfceddd8:   09040610 08099e5a 0918840c 0000000c
0xbfcedde8:   08f8bc14 08fe9d4c 00000000 08ce390c
0xbfceddf8:   bfcede18 0805cb97 0854b7a4 08fe9d4c
0xbfcede08:   00000000 0805ce6a 00000001 08fe9d4c
0xbfcede18:   bfcede38 080c2e9c 08ce390c 08fe9d4c
0xbfcede28:   00000000 0854b7a4 08fe9d4c 0918840c 

Instructions: (pc=0xb766de2a)
0xb766de1a:   5b 5d c3 55 89 e5 8b 55 0c 8b 4d 10 85 c9 74 0d
0xb766de2a:   0f b6 42 26 24 fd 0c 01 88 42 26 5d c3 0f b6 42 

Stack: [0xbfca3000,0xbfcf3000],  sp=0xbfceddb8,  free space=299k
Native frames: (J=compiled Java code, j=interpreted, Vv=VM code, C=native code)
C  [libmemcache.so.0+0x2e2a]  mcm_res_free_on_delete+0xd
C  [_cmemcache.so+0x2d9f]
C  [python+0x14b97]  PyObject_Call+0x27
C  [python+0x7ae9c]  PyEval_CallObjectWithKeywords+0x6c
C  [python+0xc80f1]
C  [python+0x14b97]  PyObject_Call+0x27
C  [python+0x7faa7]  PyEval_EvalFrameEx+0x3d07
C  [python+0x816e5]  PyEval_EvalFrameEx+0x5945
C  [python+0x831f7]  PyEval_EvalCodeEx+0x6e7
C  [python+0x813fe]  PyEval_EvalFrameEx+0x565e
C  [python+0x831f7]  PyEval_EvalCodeEx+0x6e7
C  [python+0xcb72e]
C  [python+0x14b97]  PyObject_Call+0x27
C  [python+0x1abfb]
C  [python+0x15ecd]
C  [python+0x17a38]  PyObject_CallMethod+0x68
C  [_lucene.so+0x3ed54b]
v  ~BufferBlob::Interpreter
v  ~BufferBlob::Interpreter
v  ~BufferBlob::Interpreter
v  ~BufferBlob::Interpreter
v  ~BufferBlob::Interpreter
v  ~BufferBlob::Interpreter
v  ~BufferBlob::Interpreter
v  ~BufferBlob::StubRoutines (1)
V  [libjvm.so+0x3735bd]
V  [libjvm.so+0x4fd5d8]
V  [libjvm.so+0x373450]
V  [libjvm.so+0x39cce7]
V  [libjvm.so+0x380e5a]
C  [libjcc.so+0x7b2d]  _ZN6JCCEnv16callObjectMethodEP8_jobjectP10_jmethodIDz+0x4d
C  [_lucene.so+0x1a7b4a]  _ZNK3org6apache6lucene6search8Searcher6searchERKNS2_5QueryERKNS2_6FilterE+0x5a
C  [_lucene.so+0x2b7d84]
C  [python+0x14b97]  PyObject_Call+0x27
C  [_lucene.so+0x155a2c]  _Z9callSuperP11_typeobjectP7_objectPKcS2_i+0xcc
C  [_lucene.so+0x40c809]
C  [python+0x81ab3]  PyEval_EvalFrameEx+0x5d13
C  [python+0x831f7]  PyEval_EvalCodeEx+0x6e7
C  [python+0x813fe]  PyEval_EvalFrameEx+0x565e
C  [python+0x816e5]  PyEval_EvalFrameEx+0x5945
C  [python+0x831f7]  PyEval_EvalCodeEx+0x6e7
C  [python+0xcb6b6]
C  [python+0x14b97]  PyObject_Call+0x27
C  [python+0x7fe04]  PyEval_EvalFrameEx+0x4064
C  [python+0x816e5]  PyEval_EvalFrameEx+0x5945
C  [python+0x831f7]  PyEval_EvalCodeEx+0x6e7
C  [python+0xcb72e]
C  [python+0x14b97]  PyObject_Call+0x27
C  [python+0x1abfb]
C  [python+0x14b97]  PyObject_Call+0x27
C  [python+0x5577c]
C  [python+0x14b97]  PyObject_Call+0x27
C  [python+0x7faa7]  PyEval_EvalFrameEx+0x3d07
C  [python+0x831f7]  PyEval_EvalCodeEx+0x6e7
C  [python+0xcb72e]
C  [python+0x14b97]  PyObject_Call+0x27
C  [python+0x1abfb]
C  [python+0x14b97]  PyObject_Call+0x27
C  [python+0x5577c]
C  [python+0x14b97]  PyObject_Call+0x27
C  [python+0x7faa7]  PyEval_EvalFrameEx+0x3d07
C  [python+0x816e5]  PyEval_EvalFrameEx+0x5945
C  [python+0x816e5]  PyEval_EvalFrameEx+0x5945
C  [python+0x831f7]  PyEval_EvalCodeEx+0x6e7
C  [python+0xcb6b6]
C  [python+0x14b97]  PyObject_Call+0x27
C  [python+0x1abfb]
C  [python+0x14b97]  PyObject_Call+0x27
C  [python+0x7fe04]  PyEval_EvalFrameEx+0x4064
C  [python+0x831f7]  PyEval_EvalCodeEx+0x6e7
C  [python+0xcb72e]
C  [python+0x14b97]  PyObject_Call+0x27
C  [python+0x1abfb]
C  [python+0x14b97]  PyObject_Call+0x27
C  [python+0x7ae9c]  PyEval_CallObjectWithKeywords+0x6c
C  [python+0x1e40e]  PyInstance_New+0x6e
C  [python+0x14b97]  PyObject_Call+0x27
C  [python+0x7faa7]  PyEval_EvalFrameEx+0x3d07
C  [python+0x816e5]  PyEval_EvalFrameEx+0x5945
C  [python+0x816e5]  PyEval_EvalFrameEx+0x5945
C  [python+0x816e5]  PyEval_EvalFrameEx+0x5945
C  [python+0x816e5]  PyEval_EvalFrameEx+0x5945
C  [python+0x816e5]  PyEval_EvalFrameEx+0x5945
C  [python+0x831f7]  PyEval_EvalCodeEx+0x6e7
C  [python+0x813fe]  PyEval_EvalFrameEx+0x565e
C  [python+0x831f7]  PyEval_EvalCodeEx+0x6e7
C  [python+0xcb6b6]
C  [python+0x14b97]  PyObject_Call+0x27
C  [python+0x7fe04]  PyEval_EvalFrameEx+0x4064
C  [python+0x831f7]  PyEval_EvalCodeEx+0x6e7
C  [python+0xcb6b6]
C  [python+0x14b97]  PyObject_Call+0x27
C  [python+0x7fe04]  PyEval_EvalFrameEx+0x4064
C  [python+0x816e5]  PyEval_EvalFrameEx+0x5945
C  [python+0x816e5]  PyEval_EvalFrameEx+0x5945
C  [python+0x831f7]  PyEval_EvalCodeEx+0x6e7
C  [python+0x813fe]  PyEval_EvalFrameEx+0x565e
C  [python+0x831f7]  PyEval_EvalCodeEx+0x6e7
C  [python+0x83347]  PyEval_EvalCode+0x57
C  [python+0xa2818]  PyRun_FileExFlags+0xf8
...<more frames>...

Java frames: (J=compiled Java code, j=interpreted, Vv=VM code)
v  ~BufferBlob::Interpreter
v  ~BufferBlob::Interpreter
v  ~BufferBlob::Interpreter
v  ~BufferBlob::Interpreter
v  ~BufferBlob::Interpreter
v  ~BufferBlob::Interpreter
v  ~BufferBlob::Interpreter
v  ~BufferBlob::StubRoutines (1)

---------------  P R O C E S S  ---------------

Java Threads: ( => current thread )
  0x0880a400 JavaThread "TimeLimitedCollector timer thread" daemon [_thread_blocked, id=2920, stack(0xab5ad000,0xab5fe000)]
  0x086ac800 JavaThread "Low Memory Detector" daemon [_thread_blocked, id=2918, stack(0xab67f000,0xab6d0000)]
  0x086ab400 JavaThread "CompilerThread1" daemon [_thread_blocked, id=2917, stack(0xab6d0000,0xab751000)]
  0x086a0c00 JavaThread "CompilerThread0" daemon [_thread_blocked, id=2916, stack(0xab751000,0xab7d2000)]
  0x0869f800 JavaThread "Signal Dispatcher" daemon [_thread_blocked, id=2915, stack(0xab7d2000,0xab823000)]
  0x0868d400 JavaThread "Finalizer" daemon [_thread_blocked, id=2914, stack(0xab823000,0xab874000)]
  0x0868c400 JavaThread "Reference Handler" daemon [_thread_blocked, id=2913, stack(0xab874000,0xab8c5000)]
=>0x0860e000 JavaThread "main" [_thread_in_native, id=2911, stack(0xbfca3000,0xbfcf3000)]

Other Threads:
  0x08689000 VMThread [stack: 0xab8c5000,0xab946000] [id=2912]
  0x086ae000 WatcherThread [stack: 0xab5fe000,0xab67f000] [id=2919]

VM state:not at safepoint (normal execution)

VM Mutex/Monitor currently owned by a thread: None

Heap
 def new generation   total 960K, used 602K [0xabb50000, 0xabc50000, 0xac260000)
  eden space 896K,  60% used [0xabb50000, 0xabbd6bd8, 0xabc30000)
  from space 64K,  99% used [0xabc30000, 0xabc3fff8, 0xabc40000)
  to   space 64K,   0% used [0xabc40000, 0xabc40000, 0xabc50000)
 tenured generation   total 4096K, used 2317K [0xac260000, 0xac660000, 0xafb50000)
   the space 4096K,  56% used [0xac260000, 0xac4a34c8, 0xac4a3600, 0xac660000)
 compacting perm gen  total 16384K, used 3750K [0xafb50000, 0xb0b50000, 0xb3b50000)
   the space 16384K,  22% used [0xafb50000, 0xafef9ab0, 0xafef9c00, 0xb0b50000)
No shared spaces configured.

Dynamic libraries:
06000000-0665d000 r-xp 00000000 08:03 116668     /usr/lib/jvm/java-6-sun-1.6.0.07/jre/lib/i386/server/libjvm.so
0665d000-066a1000 rw-p 0065c000 08:03 116668     /usr/lib/jvm/java-6-sun-1.6.0.07/jre/lib/i386/server/libjvm.so
066a1000-06ac3000 rw-p 066a1000 00:00 0 
08048000-08140000 r-xp 00000000 08:03 18508      /usr/bin/python2.5
08140000-08165000 rw-p 000f7000 08:03 18508      /usr/bin/python2.5
08165000-09742000 rw-p 08165000 00:00 0          [heap]
a9d00000-a9d3d000 rw-p a9d00000 00:00 0 
a9d3d000-a9e00000 ---p a9d3d000 00:00 0 
a9f00000-a9ff8000 rw-p a9f00000 00:00 0 
a9ff8000-aa000000 ---p a9ff8000 00:00 0 
aa0a0000-aa0a1000 ---p aa0a0000 00:00 0 
aa0a1000-aa8a1000 rwxp aa0a1000 00:00 0 
aa8a1000-aaa22000 rw-p aa8a1000 00:00 0 
aaa22000-aaa90000 r-xp 00000000 08:03 72219      /usr/lib/libsqlite3.so.0.8.6
aaa90000-aaa91000 r--p 0006d000 08:03 72219      /usr/lib/libsqlite3.so.0.8.6
aaa91000-aaa92000 rw-p 0006e000 08:03 72219      /usr/lib/libsqlite3.so.0.8.6
aaaa2000-aaaaf000 r-xp 00000000 08:03 19060      /usr/lib/python2.5/lib-dynload/_sqlite3.so
aaaaf000-aaab1000 rw-p 0000c000 08:03 19060      /usr/lib/python2.5/lib-dynload/_sqlite3.so
aaab1000-aaae4000 r-xp 00000000 08:03 19079      /usr/lib/python2.5/lib-dynload/pyexpat.so
aaae4000-aaae7000 rw-p 00033000 08:03 19079      /usr/lib/python2.5/lib-dynload/pyexpat.so
aaae7000-aac0c000 r-xp 00000000 08:03 8567       /usr/lib/libdb-4.6.so
aac0c000-aac0e000 rw-p 00125000 08:03 8567       /usr/lib/libdb-4.6.so
aac10000-aac14000 r-xp 00000000 08:03 18551      /usr/lib/python2.5/lib-dynload/zlib.so
aac14000-aac15000 rw-p 00004000 08:03 18551      /usr/lib/python2.5/lib-dynload/zlib.so
aac15000-aac1d000 r-xp 00000000 08:03 19081      /usr/lib/python2.5/lib-dynload/_elementtree.so
aac1d000-aac1e000 rw-p 00007000 08:03 19081      /usr/lib/python2.5/lib-dynload/_elementtree.so
aac1e000-aac34000 r-xp 00000000 08:03 19058      /usr/lib/python2.5/lib-dynload/_bsddb.so
aac34000-aac36000 rw-p 00015000 08:03 19058      /usr/lib/python2.5/lib-dynload/_bsddb.so
aac36000-aac4a000 r-xp 00000000 08:03 19005      /usr/lib/python2.5/lib-dynload/_ctypes.so
aac4a000-aac4c000 rw-p 00014000 08:03 19005      /usr/lib/python2.5/lib-dynload/_ctypes.so
aac4c000-aac7d000 r-xp 00000000 08:03 118342     /usr/lib/python2.5/site-packages/numpy/random/mtrand.so
aac7d000-aac81000 rw-p 00031000 08:03 118342     /usr/lib/python2.5/site-packages/numpy/random/mtrand.so
aac81000-aad17000 r-xp 00000000 08:03 10782      /usr/lib/libgfortran.so.2.0.0
aad17000-aad18000 rw-p 00096000 08:03 10782      /usr/lib/libgfortran.so.2.0.0
aad18000-aad95000 r-xp 00000000 08:03 10795      /usr/lib/libblas.so.3gf.0
aad95000-aad96000 rw-p 0007d000 08:03 10795      /usr/lib/libblas.so.3gf.0
aad96000-ab378000 r-xp 00000000 08:03 32332      /usr/lib/liblapack.so.3gf.0
ab378000-ab37b000 rw-p 005e2000 08:03 32332      /usr/lib/liblapack.so.3gf.0
ab37b000-ab488000 rw-p ab37b000 00:00 0 
ab48a000-ab48d000 r-xp 00000000 08:03 18541      /usr/lib/python2.5/lib-dynload/select.so
ab48d000-ab48e000 rw-p 00002000 08:03 18541      /usr/lib/python2.5/lib-dynload/select.so
ab48e000-ab497000 r-xp 00000000 08:03 118340     /usr/lib/python2.5/site-packages/numpy/fft/fftpack_lite.so
ab497000-ab498000 rw-p 00008000 08:03 118340     /usr/lib/python2.5/site-packages/numpy/fft/fftpack_lite.so
ab498000-ab49c000 r-xp 00000000 08:03 118341     /usr/lib/python2.5/site-packages/numpy/linalg/lapack_lite.so
ab49c000-ab49d000 rw-p 00003000 08:03 118341     /usr/lib/python2.5/site-packages/numpy/linalg/lapack_lite.so
ab49d000-ab4a0000 r-xp 00000000 08:03 118338     /usr/lib/python2.5/site-packages/numpy/lib/_compiled_base.so
ab4a0000-ab4a1000 rw-p 00002000 08:03 118338     /usr/lib/python2.5/site-packages/numpy/lib/_compiled_base.so
ab4a1000-ab4bb000 r-xp 00000000 08:03 118337     /usr/lib/python2.5/site-packages/numpy/core/scalarmath.so
ab4bb000-ab4bc000 rw-p 0001a000 08:03 118337     /usr/lib/python2.5/site-packages/numpy/core/scalarmath.so
ab4bc000-ab4bf000 r-xp 00000000 08:03 19038      /usr/lib/python2.5/lib-dynload/mmap.so
ab4bf000-ab4c0000 rw-p 00003000 08:03 19038      /usr/lib/python2.5/lib-dynload/mmap.so
ab4c0000-ab4e6000 r-xp 00000000 08:03 118335     /usr/lib/python2.5/site-packages/numpy/core/umath.so
ab4e6000-ab4e9000 rw-p 00025000 08:03 118335     /usr/lib/python2.5/site-packages/numpy/core/umath.so
ab4e9000-ab4ea000 rw-p ab4e9000 00:00 0 
ab4ea000-ab545000 r-xp 00000000 08:03 118334     /usr/lib/python2.5/site-packages/numpy/core/multiarray.so
ab545000-ab54b000 rw-p 0005a000 08:03 118334     /usr/lib/python2.5/site-packages/numpy/core/multiarray.so
ab54b000-ab54c000 rw-p ab54b000 00:00 0 
ab54c000-ab584000 r-xp 00000000 08:03 2417       /lib/libncursesw.so.5.6
ab584000-ab587000 rw-p 00037000 08:03 2417       /lib/libncursesw.so.5.6
ab587000-ab596000 r-xp 00000000 08:03 118336     /usr/lib/python2.5/site-packages/numpy/core/_sort.so
ab596000-ab597000 rw-p 0000e000 08:03 118336     /usr/lib/python2.5/site-packages/numpy/core/_sort.so
ab597000-ab5a6000 r-xp 00000000 08:03 19071      /usr/lib/python2.5/lib-dynload/_curses.so
ab5a6000-ab5a7000 rw-p 0000f000 08:03 19071      /usr/lib/python2.5/lib-dynload/_curses.so
ab5a7000-ab5a9000 r-xp 00000000 08:03 19019      /usr/lib/python2.5/lib-dynload/_heapq.so
ab5a9000-ab5ab000 rw-p 00002000 08:03 19019      /usr/lib/python2.5/lib-dynload/_heapq.so
ab5ab000-ab5ad000 r--s 00002000 08:03 111167     /usr/lib/python2.5/site-packages/lucene/extensions.jar
ab5ad000-ab5b0000 ---p ab5ad000 00:00 0 
ab5b0000-ab5fe000 rwxp ab5b0000 00:00 0 
ab5fe000-ab5ff000 ---p ab5fe000 00:00 0 
ab5ff000-ab67f000 rwxp ab5ff000 00:00 0 
ab67f000-ab682000 ---p ab67f000 00:00 0 
ab682000-ab6d0000 rwxp ab682000 00:00 0 
ab6d0000-ab6d3000 ---p ab6d0000 00:00 0 
ab6d3000-ab751000 rwxp ab6d3000 00:00 0 
ab751000-ab754000 ---p ab751000 00:00 0 
ab754000-ab7d2000 rwxp ab754000 00:00 0 
ab7d2000-ab7d5000 ---p ab7d2000 00:00 0 
ab7d5000-ab823000 rwxp ab7d5000 00:00 0 
ab823000-ab826000 ---p ab823000 00:00 0 
ab826000-ab874000 rwxp ab826000 00:00 0 
ab874000-ab877000 ---p ab874000 00:00 0 
ab877000-ab8c5000 rwxp ab877000 00:00 0 
ab8c5000-ab8c6000 ---p ab8c5000 00:00 0 
ab8c6000-ab946000 rwxp ab8c6000 00:00 0 
ab946000-abad1000 r--s 02def000 08:03 116892     /usr/lib/jvm/java-6-sun-1.6.0.07/jre/lib/rt.jar
abad1000-abada000 rwxp abad1000 00:00 0 
abada000-abaf2000 rwxp abada000 00:00 0 
abaf2000-abaf5000 rwxp abaf2000 00:00 0 
abaf5000-abb0f000 rwxp abaf5000 00:00 0 
abb0f000-abb10000 rwxp abb0f000 00:00 0 
abb10000-abb12000 rwxp abb10000 00:00 0 
abb12000-abb15000 rwxp abb12000 00:00 0 
abb15000-abb2f000 rwxp abb15000 00:00 0 
abb2f000-abb37000 rwxp abb2f000 00:00 0 
abb37000-abb4f000 rwxp abb37000 00:00 0 
abb4f000-abc50000 rwxp abb4f000 00:00 0 
abc50000-ac260000 rwxp abc50000 00:00 0 
ac260000-ac660000 rwxp ac260000 00:00 0 
ac660000-afb50000 rwxp ac660000 00:00 0 
afb50000-b0b50000 rwxp afb50000 00:00 0 
b0b50000-b3b50000 rwxp b0b50000 00:00 0 
b3b51000-b3b5e000 r--s 000bb000 08:03 111160     /usr/lib/python2.5/site-packages/lucene/lucene-core-2.4.0.jar
b3b5e000-b3b67000 rwxp b3b5e000 00:00 0 
b3b67000-b3c1e000 rwxp b3b67000 00:00 0 
b3c1e000-b3e5e000 rwxp b3c1e000 00:00 0 
b3e5e000-b6c1e000 rwxp b3e5e000 00:00 0 
b6c1e000-b6c2d000 r-xp 00000000 08:03 116681     /usr/lib/jvm/java-6-sun-1.6.0.07/jre/lib/i386/libzip.so
b6c2d000-b6c2f000 rw-p 0000e000 08:03 116681     /usr/lib/jvm/java-6-sun-1.6.0.07/jre/lib/i386/libzip.so
b6c2f000-b6c38000 r-xp 00000000 08:03 7515       /lib/tls/i686/cmov/libnss_files-2.7.so
b6c38000-b6c3a000 rw-p 00008000 08:03 7515       /lib/tls/i686/cmov/libnss_files-2.7.so
b6c3a000-b6c42000 r-xp 00000000 08:03 7676       /lib/tls/i686/cmov/libnss_nis-2.7.so
b6c42000-b6c44000 rw-p 00007000 08:03 7676       /lib/tls/i686/cmov/libnss_nis-2.7.so
b6c44000-b6c4b000 r-xp 00000000 08:03 7335       /lib/tls/i686/cmov/libnss_compat-2.7.so
b6c4b000-b6c4d000 rw-p 00006000 08:03 7335       /lib/tls/i686/cmov/libnss_compat-2.7.so
b6c4d000-b6c54000 r-xp 00000000 08:03 10806      /lib/tls/i686/cmov/librt-2.7.so
b6c54000-b6c56000 rw-p 00006000 08:03 10806      /lib/tls/i686/cmov/librt-2.7.so
b6c56000-b6ca2000 r-xp 00000000 08:03 111127     /usr/lib/python2.5/site-packages/jcc/_jcc.so
b6ca2000-b6ca3000 r--p 0004b000 08:03 111127     /usr/lib/python2.5/site-packages/jcc/_jcc.so
b6ca3000-b6ca5000 rw-p 0004c000 08:03 111127     /usr/lib/python2.5/site-packages/jcc/_jcc.so
b6ca5000-b6ca6000 rw-p b6ca5000 00:00 0 
b6ca6000-b6cb1000 r-xp 00000000 08:03 116677     /usr/lib/jvm/java-6-sun-1.6.0.07/jre/lib/i386/libverify.so
b6cb1000-b6cb2000 rw-p 0000b000 08:03 116677     /usr/lib/jvm/java-6-sun-1.6.0.07/jre/lib/i386/libverify.so
b6cb2000-b6dbc000 r-xp 00000000 08:03 19107      /usr/lib/libpython2.5.so.1.0
b6dbc000-b6de1000 rw-p 0010a000 08:03 19107      /usr/lib/libpython2.5.so.1.0
b6de1000-b6de7000 rw-p b6de1000 00:00 0 
b6de7000-b6df1000 r-xp 00000000 08:03 10777      /lib/libgcc_s.so.1
b6df1000-b6df2000 rw-p 0000a000 08:03 10777      /lib/libgcc_s.so.1
b6df2000-b6eda000 r-xp 00000000 08:03 116999     /usr/lib/libstdc++.so.6.0.9
b6eda000-b6edd000 r--p 000e8000 08:03 116999     /usr/lib/libstdc++.so.6.0.9
b6edd000-b6edf000 rw-p 000eb000 08:03 116999     /usr/lib/libstdc++.so.6.0.9
b6edf000-b6ee5000 rw-p b6edf000 00:00 0 
b6ee5000-b6ee7000 r--s 00009000 08:03 111166     /usr/lib/python2.5/site-packages/lucene/lucene-instantiated-2.4.0.jar
b6ee7000-b6ee9000 r--s 00007000 08:03 111165     /usr/lib/python2.5/site-packages/lucene/lucene-queries-2.4.0.jar
b6ee9000-b6eed000 r--s 00020000 08:03 111163     /usr/lib/python2.5/site-packages/lucene/lucene-analyzers-2.4.0.jar
b6eed000-b6ef5000 rw-s 00000000 08:03 8803       /tmp/hsperfdata_b/2911
b6ef5000-b6f18000 r-xp 00000000 08:03 116678     /usr/lib/jvm/java-6-sun-1.6.0.07/jre/lib/i386/libjava.so
b6f18000-b6f1a000 rw-p 00023000 08:03 116678     /usr/lib/jvm/java-6-sun-1.6.0.07/jre/lib/i386/libjava.so
b6f1a000-b762d000 r-xp 00000000 08:03 111170     /usr/lib/python2.5/site-packages/lucene/_lucene.so
b762d000-b7636000 r--p 00712000 08:03 111170     /usr/lib/python2.5/site-packages/lucene/_lucene.so
b7636000-b7668000 rw-p 0071b000 08:03 111170     /usr/lib/python2.5/site-packages/lucene/_lucene.so
b7668000-b766b000 rw-p b7668000 00:00 0 
b766b000-b7677000 r-xp 00000000 08:03 122899     /usr/lib/libmemcache.so.0.4.0
b7677000-b7678000 rw-p 0000c000 08:03 122899     /usr/lib/libmemcache.so.0.4.0
b7678000-b767b000 r--s 00014000 08:03 111162     /usr/lib/python2.5/site-packages/lucene/lucene-highlighter-2.4.0.jar
b767b000-b7686000 r-xp 00000000 08:03 112257     /usr/lib/python2.5/site-packages/libjcc.so
b7686000-b7687000 r--p 0000a000 08:03 112257     /usr/lib/python2.5/site-packages/libjcc.so
b7687000-b7688000 rw-p 0000b000 08:03 112257     /usr/lib/python2.5/site-packages/libjcc.so
b7688000-b7699000 r-xp 00000000 08:03 19036      /usr/lib/python2.5/lib-dynload/cPickle.so
b7699000-b769a000 rw-p 00010000 08:03 19036      /usr/lib/python2.5/lib-dynload/cPickle.so
b769a000-b76ae000 r-xp 00000000 08:03 7148       /lib/tls/i686/cmov/libnsl-2.7.so
b76ae000-b76b0000 rw-p 00013000 08:03 7148       /lib/tls/i686/cmov/libnsl-2.7.so
b76b0000-b76b2000 rw-p b76b0000 00:00 0 
b76b2000-b76bb000 r-xp 00000000 08:03 6097       /lib/tls/i686/cmov/libcrypt-2.7.so
b76bb000-b76bd000 rw-p 00008000 08:03 6097       /lib/tls/i686/cmov/libcrypt-2.7.so
b76bd000-b76e4000 rw-p b76bd000 00:00 0 
b76e4000-b7882000 r-xp 00000000 08:03 72275      /usr/lib/libmysqlclient_r.so.15.0.0
b7882000-b78c5000 rw-p 0019d000 08:03 72275      /usr/lib/libmysqlclient_r.so.15.0.0
b78c5000-b78c6000 rw-p b78c5000 00:00 0 
b78c7000-b78cd000 r-xp 00000000 08:03 116666     /usr/lib/jvm/java-6-sun-1.6.0.07/jre/lib/i386/native_threads/libhpi.so
b78cd000-b78ce000 rw-p 00006000 08:03 116666     /usr/lib/jvm/java-6-sun-1.6.0.07/jre/lib/i386/native_threads/libhpi.so
b78ce000-b78d3000 r-xp 00000000 08:03 433        /usr/lib/python2.5/site-packages/_cmemcache.so
b78d3000-b78d4000 rw-p 00004000 08:03 433        /usr/lib/python2.5/site-packages/_cmemcache.so
b78d4000-b78d5000 r-xp 00000000 08:03 19017      /usr/lib/python2.5/lib-dynload/_bisect.so
b78d5000-b78d6000 rw-p 00001000 08:03 19017      /usr/lib/python2.5/lib-dynload/_bisect.so
b78d6000-b78de000 r-xp 00000000 08:03 114600     /usr/lib/python-support/python-mysqldb/python2.5/_mysql.so
b78de000-b78e2000 rw-p 00007000 08:03 114600     /usr/lib/python-support/python-mysqldb/python2.5/_mysql.so
b78e2000-b78e4000 r-xp 00000000 08:03 19056      /usr/lib/python2.5/lib-dynload/_hashlib.so
b78e4000-b78e5000 rw-p 00002000 08:03 19056      /usr/lib/python2.5/lib-dynload/_hashlib.so
b78e5000-b78e6000 r-xp 00000000 08:03 19009      /usr/lib/python2.5/lib-dynload/_weakref.so
b78e6000-b78e7000 rw-p 00000000 08:03 19009      /usr/lib/python2.5/lib-dynload/_weakref.so
b78e8000-b78ee000 r-xp 00000000 08:03 18527      /usr/lib/python2.5/lib-dynload/array.so
b78ee000-b78f0000 rw-p 00006000 08:03 18527      /usr/lib/python2.5/lib-dynload/array.so
b78f0000-b7931000 rw-p b78f0000 00:00 0 
b7931000-b7934000 r-xp 00000000 08:03 18532      /usr/lib/python2.5/lib-dynload/fcntl.so
b7934000-b7935000 rw-p 00003000 08:03 18532      /usr/lib/python2.5/lib-dynload/fcntl.so
b7935000-b793a000 r-xp 00000000 08:03 18535      /usr/lib/python2.5/lib-dynload/itertools.so
b793a000-b793c000 rw-p 00005000 08:03 18535      /usr/lib/python2.5/lib-dynload/itertools.so
b793c000-b793e000 r-xp 00000000 08:03 18520      /usr/lib/python2.5/lib-dynload/_random.so
b793e000-b793f000 rw-p 00002000 08:03 18520      /usr/lib/python2.5/lib-dynload/_random.so
b793f000-b7942000 r-xp 00000000 08:03 18537      /usr/lib/python2.5/lib-dynload/math.so
b7942000-b7943000 rw-p 00002000 08:03 18537      /usr/lib/python2.5/lib-dynload/math.so
b79a0000-b79a4000 rw-p b79a0000 00:00 0 
b79a4000-b79a6000 r--s 0001a000 08:03 111161     /usr/lib/python2.5/site-packages/lucene/lucene-snowball-2.4.0.jar
b79a6000-b79a8000 r-xp 00000000 08:03 19021      /usr/lib/python2.5/lib-dynload/_functools.so
b79a8000-b79a9000 rw-p 00001000 08:03 19021      /usr/lib/python2.5/lib-dynload/_functools.so
b79a9000-b7aee000 rw-p b79a9000 00:00 0 
b7aee000-b7afd000 r-xp 00000000 08:03 19013      /usr/lib/python2.5/lib-dynload/datetime.so
b7afd000-b7b00000 rw-p 0000e000 08:03 19013      /usr/lib/python2.5/lib-dynload/datetime.so
b7b00000-b7b14000 r-xp 00000000 08:03 9249       /usr/lib/libz.so.1.2.3.3
b7b14000-b7b15000 rw-p 00013000 08:03 9249       /usr/lib/libz.so.1.2.3.3
b7b15000-b7c3f000 r-xp 00000000 08:03 17124      /usr/lib/i686/cmov/libcrypto.so.0.9.8
b7c3f000-b7c54000 rw-p 00129000 08:03 17124      /usr/lib/i686/cmov/libcrypto.so.0.9.8
b7c54000-b7c57000 rw-p b7c54000 00:00 0 
b7c57000-b7c95000 r-xp 00000000 08:03 17125      /usr/lib/i686/cmov/libssl.so.0.9.8
b7c95000-b7c99000 rw-p 0003d000 08:03 17125      /usr/lib/i686/cmov/libssl.so.0.9.8
b7c99000-b7c9a000 r--s 00002000 08:03 111164     /usr/lib/python2.5/site-packages/lucene/lucene-regex-2.4.0.jar
b7c9a000-b7c9b000 rwxp b7c9a000 00:00 0 
b7c9b000-b7c9f000 r-xp 00000000 08:03 18529      /usr/lib/python2.5/lib-dynload/binascii.so
b7c9f000-b7ca0000 rw-p 00003000 08:03 18529      /usr/lib/python2.5/lib-dynload/binascii.so
b7ca0000-b7ca4000 r-xp 00000000 08:03 19015      /usr/lib/python2.5/lib-dynload/collections.so
b7ca4000-b7ca5000 rw-p 00004000 08:03 19015      /usr/lib/python2.5/lib-dynload/collections.so
b7ca5000-b7ca8000 r-xp 00000000 08:03 18525      /usr/lib/python2.5/lib-dynload/cStringIO.so
b7ca8000-b7ca9000 rw-p 00003000 08:03 18525      /usr/lib/python2.5/lib-dynload/cStringIO.so
b7ca9000-b7cac000 r-xp 00000000 08:03 19054      /usr/lib/python2.5/lib-dynload/_ssl.so
b7cac000-b7cad000 rw-p 00003000 08:03 19054      /usr/lib/python2.5/lib-dynload/_ssl.so
b7cad000-b7cb8000 r-xp 00000000 08:03 18522      /usr/lib/python2.5/lib-dynload/_socket.so
b7cb8000-b7cbb000 rw-p 0000a000 08:03 18522      /usr/lib/python2.5/lib-dynload/_socket.so
b7cbb000-b7cbe000 r-xp 00000000 08:03 18547      /usr/lib/python2.5/lib-dynload/time.so
b7cbe000-b7cc0000 rw-p 00002000 08:03 18547      /usr/lib/python2.5/lib-dynload/time.so
b7cc0000-b7d01000 rw-p b7cc0000 00:00 0 
b7d01000-b7d02000 r--p b7d01000 00:00 0 
b7d02000-b7d06000 r-xp 00000000 08:03 18543      /usr/lib/python2.5/lib-dynload/strop.so
b7d06000-b7d08000 rw-p 00004000 08:03 18543      /usr/lib/python2.5/lib-dynload/strop.so
b7d08000-b7d4a000 rw-p b7d08000 00:00 0 
b7d4a000-b7d51000 r--s 00000000 08:03 2420       /usr/lib/gconv/gconv-modules.cache
b7d51000-b7d90000 r--p 00000000 08:03 12234      /usr/lib/locale/en_US.utf8/LC_CTYPE
b7d90000-b7e13000 rw-p b7d90000 00:00 0 
b7e13000-b7f5c000 r-xp 00000000 08:03 2480       /lib/tls/i686/cmov/libc-2.7.so
b7f5c000-b7f5d000 r--p 00149000 08:03 2480       /lib/tls/i686/cmov/libc-2.7.so
b7f5d000-b7f5f000 rw-p 0014a000 08:03 2480       /lib/tls/i686/cmov/libc-2.7.so
b7f5f000-b7f62000 rw-p b7f5f000 00:00 0 
b7f62000-b7f85000 r-xp 00000000 08:03 6892       /lib/tls/i686/cmov/libm-2.7.so
b7f85000-b7f87000 rw-p 00023000 08:03 6892       /lib/tls/i686/cmov/libm-2.7.so
b7f87000-b7f89000 r-xp 00000000 08:03 10809      /lib/tls/i686/cmov/libutil-2.7.so
b7f89000-b7f8b000 rw-p 00001000 08:03 10809      /lib/tls/i686/cmov/libutil-2.7.so
b7f8b000-b7f8c000 rw-p b7f8b000 00:00 0 
b7f8c000-b7f8e000 r-xp 00000000 08:03 6098       /lib/tls/i686/cmov/libdl-2.7.so
b7f8e000-b7f90000 rw-p 00001000 08:03 6098       /lib/tls/i686/cmov/libdl-2.7.so
b7f90000-b7fa4000 r-xp 00000000 08:03 9252       /lib/tls/i686/cmov/libpthread-2.7.so
b7fa4000-b7fa6000 rw-p 00013000 08:03 9252       /lib/tls/i686/cmov/libpthread-2.7.so
b7fa6000-b7fa8000 rw-p b7fa6000 00:00 0 
b7fa8000-b7fad000 r-xp 00000000 08:03 18523      /usr/lib/python2.5/lib-dynload/_struct.so
b7fad000-b7fae000 rw-p 00005000 08:03 18523      /usr/lib/python2.5/lib-dynload/_struct.so
b7fae000-b7fb3000 r-xp 00000000 08:03 18539      /usr/lib/python2.5/lib-dynload/operator.so
b7fb3000-b7fb4000 rw-p 00005000 08:03 18539      /usr/lib/python2.5/lib-dynload/operator.so
b7fb4000-b7fb7000 r-xp 00000000 08:03 19030      /usr/lib/python2.5/lib-dynload/_locale.so
b7fb7000-b7fb8000 rw-p 00003000 08:03 19030      /usr/lib/python2.5/lib-dynload/_locale.so
b7fb8000-b7fba000 rw-p b7fb8000 00:00 0 
b7fba000-b7fbb000 r-xp b7fba000 00:00 0          [vdso]
b7fbb000-b7fd5000 r-xp 00000000 08:03 16652      /lib/ld-2.7.so
b7fd5000-b7fd7000 rw-p 00019000 08:03 16652      /lib/ld-2.7.so
bfca3000-bfca6000 ---p bfca3000 00:00 0 
bfca6000-bfcf3000 rwxp bffb1000 00:00 0          [stack]
bfcf3000-bfcf5000 rw-p bfffe000 00:00 0 

VM Arguments:
java_command: <unknown>
Launcher Type: generic

Environment Variables:
JAVA_HOME=/usr/lib/jvm/java-6-sun
CLASSPATH=/home/b/App/glassfish-v2ur2/lib/javaee.jar
PATH=/home/b/Programming/Library/java/hadoop-0.18.3/bin:/home/b/Programming/Library/Python/google_appengine:/usr/local/sbin:/usr/local/bin:/usr/sbin:/usr/bin:/sbin:/bin:/usr/games
USERNAME=b
LD_LIBRARY_PATH=/usr/lib/jvm/java-6-sun/jre/lib/i386/server:/usr/lib/jvm/java-6-sun/jre/lib/i386:/usr/lib/python2.5/site-packages:
SHELL=/bin/bash
DISPLAY=:0.0

Signal Handlers:
SIGSEGV: [libjvm.so+0x5edc30], sa_mask[0]=0x7ffbfeff, sa_flags=0x10000004
SIGBUS: [libjvm.so+0x5edc30], sa_mask[0]=0x7ffbfeff, sa_flags=0x10000004
SIGFPE: [libjvm.so+0x4fc6a0], sa_mask[0]=0x7ffbfeff, sa_flags=0x10000004
SIGPIPE: SIG_IGN, sa_mask[0]=0x00001000, sa_flags=0x10000000
SIGXFSZ: [libjvm.so+0x4fc6a0], sa_mask[0]=0x7ffbfeff, sa_flags=0x10000004
SIGILL: [libjvm.so+0x4fc6a0], sa_mask[0]=0x7ffbfeff, sa_flags=0x10000004
SIGUSR1: SIG_DFL, sa_mask[0]=0x00000000, sa_flags=0x00000000
SIGUSR2: [libjvm.so+0x4fe6e0], sa_mask[0]=0x00000000, sa_flags=0x10000004
SIGHUP: [libjvm.so+0x4fe480], sa_mask[0]=0x7ffbfeff, sa_flags=0x10000004
SIGINT: [libjvm.so+0x4fe480], sa_mask[0]=0x7ffbfeff, sa_flags=0x10000004
SIGTERM: [libjvm.so+0x4fe480], sa_mask[0]=0x7ffbfeff, sa_flags=0x10000004
SIGQUIT: [libjvm.so+0x4fe480], sa_mask[0]=0x7ffbfeff, sa_flags=0x10000004


---------------  S Y S T E M  ---------------

OS:lenny/sid

uname:Linux 2.6.24-24-generic #1 SMP Wed Mar 25 12:16:54 UTC 2009 i686
libc:glibc 2.7 NPTL 2.7 
rlimit: STACK 8192k, CORE 0k, NPROC 8115, NOFILE 1024, AS infinity
load average:1.41 0.93 0.63

CPU:total 1 (1 cores per cpu, 1 threads per core) family 6 model 6 stepping 1, cmov, cx8, fxsr, mmx, sse, sse2, sse3, ssse3

Memory: 4k page, physical 1025688k(19556k free), swap 2835432k(2512460k free)

vm_info: Java HotSpot(TM) Server VM (10.0-b23) for linux-x86 JRE (1.6.0_07-b06), built on Jun 10 2008 01:20:15 by "java_re" with gcc 3.2.1-7a (J2SE release)

time: Sun Apr 19 18:05:25 2009
elapsed time: 99 seconds

