#
# An unexpected error has been detected by Java Runtime Environment:
#
#  SIGSEGV (0xb) at pc=0xb766ae2a, pid=3439, tid=3084974272
#
# Java VM: Java HotSpot(TM) Server VM (10.0-b23 mixed mode linux-x86)
# Problematic frame:
# C  [libmemcache.so.0+0x2e2a]  mcm_res_free_on_delete+0xd
#
# If you would like to submit a bug report, please visit:
#   http://java.sun.com/webapps/bugreport/crash.jsp
# The crash happened outside the Java Virtual Machine in native code.
# See problematic frame for where to report the bug.
#

---------------  T H R E A D  ---------------

Current thread (0x0860e000):  JavaThread "main" [_thread_in_native, id=3439, stack(0xbffa8000,0xbfff8000)]

siginfo:si_signo=SIGSEGV: si_errno=0, si_code=1 (SEGV_MAPERR), si_addr=0x00000026

Registers:
EAX=0x085418b0, EBX=0xb78d05f4, ECX=0x00000001, EDX=0x00000000
ESP=0xbfff28b8, EBP=0xbfff28b8, ESI=0x0816b1b8, EDI=0x00000000
EIP=0xb766ae2a, CR2=0x00000026, EFLAGS=0x00210202

Top of Stack: (sp=0xbfff28b8)
0xbfff28b8:   bfff28f8 b78cdd9f 085418b0 00000000
0xbfff28c8:   00000001 0000000b 00000001 0854b7a4
0xbfff28d8:   0904cd28 08099e5a 091618ec 0000000b
0xbfff28e8:   09158534 08fe6d8c 00000000 08cdf6ec
0xbfff28f8:   bfff2918 0805cb97 0854b7a4 08fe6d8c
0xbfff2908:   00000000 0805ce6a 00000001 08fe6d8c
0xbfff2918:   bfff2938 080c2e9c 08cdf6ec 08fe6d8c
0xbfff2928:   00000000 0854b7a4 08fe6d8c 091618ec 

Instructions: (pc=0xb766ae2a)
0xb766ae1a:   5b 5d c3 55 89 e5 8b 55 0c 8b 4d 10 85 c9 74 0d
0xb766ae2a:   0f b6 42 26 24 fd 0c 01 88 42 26 5d c3 0f b6 42 

Stack: [0xbffa8000,0xbfff8000],  sp=0xbfff28b8,  free space=298k
Native frames: (J=compiled Java code, j=interpreted, Vv=VM code, C=native code)
C  [libmemcache.so.0+0x2e2a]  mcm_res_free_on_delete+0xd
C  [_cmemcache.so+0x2d9f]
C  [python+0x14b97]  PyObject_Call+0x27
C  [python+0x7ae9c]  PyEval_CallObjectWithKeywords+0x6c
C  [python+0xc80f1]
C  [python+0x14b97]  PyObject_Call+0x27
C  [python+0x7faa7]  PyEval_EvalFrameEx+0x3d07
C  [python+0x816e5]  PyEval_EvalFrameEx+0x5945
C  [python+0x831f7]  PyEval_EvalCodeEx+0x6e7
C  [python+0x813fe]  PyEval_EvalFrameEx+0x565e
C  [python+0x831f7]  PyEval_EvalCodeEx+0x6e7
C  [python+0xcb72e]
C  [python+0x14b97]  PyObject_Call+0x27
C  [python+0x1abfb]
C  [python+0x15ecd]
C  [python+0x17a38]  PyObject_CallMethod+0x68
C  [_lucene.so+0x3ed54b]
v  ~BufferBlob::Interpreter
v  ~BufferBlob::Interpreter
v  ~BufferBlob::Interpreter
v  ~BufferBlob::Interpreter
v  ~BufferBlob::Interpreter
v  ~BufferBlob::Interpreter
v  ~BufferBlob::Interpreter
v  ~BufferBlob::StubRoutines (1)
V  [libjvm.so+0x3735bd]
V  [libjvm.so+0x4fd5d8]
V  [libjvm.so+0x373450]
V  [libjvm.so+0x39cce7]
V  [libjvm.so+0x380e5a]
C  [libjcc.so+0x7b2d]  _ZN6JCCEnv16callObjectMethodEP8_jobjectP10_jmethodIDz+0x4d
C  [_lucene.so+0x1a7b4a]  _ZNK3org6apache6lucene6search8Searcher6searchERKNS2_5QueryERKNS2_6FilterE+0x5a
C  [_lucene.so+0x2b7d84]
C  [python+0x14b97]  PyObject_Call+0x27
C  [_lucene.so+0x155a2c]  _Z9callSuperP11_typeobjectP7_objectPKcS2_i+0xcc
C  [_lucene.so+0x40c809]
C  [python+0x81ab3]  PyEval_EvalFrameEx+0x5d13
C  [python+0x831f7]  PyEval_EvalCodeEx+0x6e7
C  [python+0x813fe]  PyEval_EvalFrameEx+0x565e
C  [python+0x816e5]  PyEval_EvalFrameEx+0x5945
C  [python+0x831f7]  PyEval_EvalCodeEx+0x6e7
C  [python+0xcb6b6]
C  [python+0x14b97]  PyObject_Call+0x27
C  [python+0x7fe04]  PyEval_EvalFrameEx+0x4064
C  [python+0x816e5]  PyEval_EvalFrameEx+0x5945
C  [python+0x831f7]  PyEval_EvalCodeEx+0x6e7
C  [python+0xcb72e]
C  [python+0x14b97]  PyObject_Call+0x27
C  [python+0x1abfb]
C  [python+0x14b97]  PyObject_Call+0x27
C  [python+0x5577c]
C  [python+0x14b97]  PyObject_Call+0x27
C  [python+0x7faa7]  PyEval_EvalFrameEx+0x3d07
C  [python+0x831f7]  PyEval_EvalCodeEx+0x6e7
C  [python+0xcb72e]
C  [python+0x14b97]  PyObject_Call+0x27
C  [python+0x1abfb]
C  [python+0x14b97]  PyObject_Call+0x27
C  [python+0x5577c]
C  [python+0x14b97]  PyObject_Call+0x27
C  [python+0x7faa7]  PyEval_EvalFrameEx+0x3d07
C  [python+0x816e5]  PyEval_EvalFrameEx+0x5945
C  [python+0x816e5]  PyEval_EvalFrameEx+0x5945
C  [python+0x831f7]  PyEval_EvalCodeEx+0x6e7
C  [python+0xcb6b6]
C  [python+0x14b97]  PyObject_Call+0x27
C  [python+0x1abfb]
C  [python+0x14b97]  PyObject_Call+0x27
C  [python+0x7fe04]  PyEval_EvalFrameEx+0x4064
C  [python+0x831f7]  PyEval_EvalCodeEx+0x6e7
C  [python+0xcb72e]
C  [python+0x14b97]  PyObject_Call+0x27
C  [python+0x1abfb]
C  [python+0x14b97]  PyObject_Call+0x27
C  [python+0x7ae9c]  PyEval_CallObjectWithKeywords+0x6c
C  [python+0x1e40e]  PyInstance_New+0x6e
C  [python+0x14b97]  PyObject_Call+0x27
C  [python+0x7faa7]  PyEval_EvalFrameEx+0x3d07
C  [python+0x816e5]  PyEval_EvalFrameEx+0x5945
C  [python+0x816e5]  PyEval_EvalFrameEx+0x5945
C  [python+0x816e5]  PyEval_EvalFrameEx+0x5945
C  [python+0x816e5]  PyEval_EvalFrameEx+0x5945
C  [python+0x816e5]  PyEval_EvalFrameEx+0x5945
C  [python+0x831f7]  PyEval_EvalCodeEx+0x6e7
C  [python+0x813fe]  PyEval_EvalFrameEx+0x565e
C  [python+0x831f7]  PyEval_EvalCodeEx+0x6e7
C  [python+0xcb6b6]
C  [python+0x14b97]  PyObject_Call+0x27
C  [python+0x7fe04]  PyEval_EvalFrameEx+0x4064
C  [python+0x831f7]  PyEval_EvalCodeEx+0x6e7
C  [python+0xcb6b6]
C  [python+0x14b97]  PyObject_Call+0x27
C  [python+0x7fe04]  PyEval_EvalFrameEx+0x4064
C  [python+0x816e5]  PyEval_EvalFrameEx+0x5945
C  [python+0x816e5]  PyEval_EvalFrameEx+0x5945
C  [python+0x831f7]  PyEval_EvalCodeEx+0x6e7
C  [python+0x813fe]  PyEval_EvalFrameEx+0x565e
C  [python+0x831f7]  PyEval_EvalCodeEx+0x6e7
C  [python+0x83347]  PyEval_EvalCode+0x57
C  [python+0xa2818]  PyRun_FileExFlags+0xf8
...<more frames>...

Java frames: (J=compiled Java code, j=interpreted, Vv=VM code)
v  ~BufferBlob::Interpreter
v  ~BufferBlob::Interpreter
v  ~BufferBlob::Interpreter
v  ~BufferBlob::Interpreter
v  ~BufferBlob::Interpreter
v  ~BufferBlob::Interpreter
v  ~BufferBlob::Interpreter
v  ~BufferBlob::StubRoutines (1)

---------------  P R O C E S S  ---------------

Java Threads: ( => current thread )
  0x0880a400 JavaThread "TimeLimitedCollector timer thread" daemon [_thread_blocked, id=3451, stack(0xab5a0000,0xab5f1000)]
  0x086ac800 JavaThread "Low Memory Detector" daemon [_thread_blocked, id=3449, stack(0xab67f000,0xab6d0000)]
  0x086ab400 JavaThread "CompilerThread1" daemon [_thread_blocked, id=3448, stack(0xab6d0000,0xab751000)]
  0x086a0c00 JavaThread "CompilerThread0" daemon [_thread_blocked, id=3447, stack(0xab751000,0xab7d2000)]
  0x0869f800 JavaThread "Signal Dispatcher" daemon [_thread_blocked, id=3446, stack(0xab7d2000,0xab823000)]
  0x0868d400 JavaThread "Finalizer" daemon [_thread_blocked, id=3445, stack(0xab823000,0xab874000)]
  0x0868c400 JavaThread "Reference Handler" daemon [_thread_blocked, id=3444, stack(0xab874000,0xab8c5000)]
=>0x0860e000 JavaThread "main" [_thread_in_native, id=3439, stack(0xbffa8000,0xbfff8000)]

Other Threads:
  0x08689000 VMThread [stack: 0xab8c5000,0xab946000] [id=3443]
  0x086ae000 WatcherThread [stack: 0xab5fe000,0xab67f000] [id=3450]

VM state:not at safepoint (normal execution)

VM Mutex/Monitor currently owned by a thread: None

Heap
 def new generation   total 960K, used 796K [0xabb50000, 0xabc50000, 0xac260000)
  eden space 896K,  81% used [0xabb50000, 0xabc07248, 0xabc30000)
  from space 64K, 100% used [0xabc40000, 0xabc50000, 0xabc50000)
  to   space 64K,   0% used [0xabc30000, 0xabc30000, 0xabc40000)
 tenured generation   total 4096K, used 1013K [0xac260000, 0xac660000, 0xafb50000)
   the space 4096K,  24% used [0xac260000, 0xac35d7f0, 0xac35d800, 0xac660000)
 compacting perm gen  total 16384K, used 3728K [0xafb50000, 0xb0b50000, 0xb3b50000)
   the space 16384K,  22% used [0xafb50000, 0xafef4360, 0xafef4400, 0xb0b50000)
No shared spaces configured.

Dynamic libraries:
06000000-0665d000 r-xp 00000000 08:03 116668     /usr/lib/jvm/java-6-sun-1.6.0.07/jre/lib/i386/server/libjvm.so
0665d000-066a1000 rw-p 0065c000 08:03 116668     /usr/lib/jvm/java-6-sun-1.6.0.07/jre/lib/i386/server/libjvm.so
066a1000-06ac3000 rw-p 066a1000 00:00 0 
08048000-08140000 r-xp 00000000 08:03 18508      /usr/bin/python2.5
08140000-08165000 rw-p 000f7000 08:03 18508      /usr/bin/python2.5
08165000-093b3000 rw-p 08165000 00:00 0          [heap]
aa09d000-aa09e000 ---p aa09d000 00:00 0 
aa09e000-aa89e000 rwxp aa09e000 00:00 0 
aa89e000-aaa1f000 rw-p aa89e000 00:00 0 
aaa1f000-aaa8d000 r-xp 00000000 08:03 72219      /usr/lib/libsqlite3.so.0.8.6
aaa8d000-aaa8e000 r--p 0006d000 08:03 72219      /usr/lib/libsqlite3.so.0.8.6
aaa8e000-aaa8f000 rw-p 0006e000 08:03 72219      /usr/lib/libsqlite3.so.0.8.6
aaa9f000-aaaac000 r-xp 00000000 08:03 19060      /usr/lib/python2.5/lib-dynload/_sqlite3.so
aaaac000-aaaae000 rw-p 0000c000 08:03 19060      /usr/lib/python2.5/lib-dynload/_sqlite3.so
aaaae000-aaae1000 r-xp 00000000 08:03 19079      /usr/lib/python2.5/lib-dynload/pyexpat.so
aaae1000-aaae4000 rw-p 00033000 08:03 19079      /usr/lib/python2.5/lib-dynload/pyexpat.so
aaae4000-aac09000 r-xp 00000000 08:03 8567       /usr/lib/libdb-4.6.so
aac09000-aac0b000 rw-p 00125000 08:03 8567       /usr/lib/libdb-4.6.so
aac0d000-aac11000 r-xp 00000000 08:03 18551      /usr/lib/python2.5/lib-dynload/zlib.so
aac11000-aac12000 rw-p 00004000 08:03 18551      /usr/lib/python2.5/lib-dynload/zlib.so
aac12000-aac1a000 r-xp 00000000 08:03 19081      /usr/lib/python2.5/lib-dynload/_elementtree.so
aac1a000-aac1b000 rw-p 00007000 08:03 19081      /usr/lib/python2.5/lib-dynload/_elementtree.so
aac1b000-aac31000 r-xp 00000000 08:03 19058      /usr/lib/python2.5/lib-dynload/_bsddb.so
aac31000-aac33000 rw-p 00015000 08:03 19058      /usr/lib/python2.5/lib-dynload/_bsddb.so
aac33000-aac47000 r-xp 00000000 08:03 19005      /usr/lib/python2.5/lib-dynload/_ctypes.so
aac47000-aac49000 rw-p 00014000 08:03 19005      /usr/lib/python2.5/lib-dynload/_ctypes.so
aac49000-aac7a000 r-xp 00000000 08:03 118342     /usr/lib/python2.5/site-packages/numpy/random/mtrand.so
aac7a000-aac7e000 rw-p 00031000 08:03 118342     /usr/lib/python2.5/site-packages/numpy/random/mtrand.so
aac7e000-aad14000 r-xp 00000000 08:03 10782      /usr/lib/libgfortran.so.2.0.0
aad14000-aad15000 rw-p 00096000 08:03 10782      /usr/lib/libgfortran.so.2.0.0
aad15000-aad92000 r-xp 00000000 08:03 10795      /usr/lib/libblas.so.3gf.0
aad92000-aad93000 rw-p 0007d000 08:03 10795      /usr/lib/libblas.so.3gf.0
aad93000-ab375000 r-xp 00000000 08:03 32332      /usr/lib/liblapack.so.3gf.0
ab375000-ab378000 rw-p 005e2000 08:03 32332      /usr/lib/liblapack.so.3gf.0
ab378000-ab485000 rw-p ab378000 00:00 0 
ab487000-ab48a000 r-xp 00000000 08:03 18541      /usr/lib/python2.5/lib-dynload/select.so
ab48a000-ab48b000 rw-p 00002000 08:03 18541      /usr/lib/python2.5/lib-dynload/select.so
ab48b000-ab494000 r-xp 00000000 08:03 118340     /usr/lib/python2.5/site-packages/numpy/fft/fftpack_lite.so
ab494000-ab495000 rw-p 00008000 08:03 118340     /usr/lib/python2.5/site-packages/numpy/fft/fftpack_lite.so
ab495000-ab499000 r-xp 00000000 08:03 118341     /usr/lib/python2.5/site-packages/numpy/linalg/lapack_lite.so
ab499000-ab49a000 rw-p 00003000 08:03 118341     /usr/lib/python2.5/site-packages/numpy/linalg/lapack_lite.so
ab49a000-ab49d000 r-xp 00000000 08:03 118338     /usr/lib/python2.5/site-packages/numpy/lib/_compiled_base.so
ab49d000-ab49e000 rw-p 00002000 08:03 118338     /usr/lib/python2.5/site-packages/numpy/lib/_compiled_base.so
ab49e000-ab4b8000 r-xp 00000000 08:03 118337     /usr/lib/python2.5/site-packages/numpy/core/scalarmath.so
ab4b8000-ab4b9000 rw-p 0001a000 08:03 118337     /usr/lib/python2.5/site-packages/numpy/core/scalarmath.so
ab4b9000-ab4df000 r-xp 00000000 08:03 118335     /usr/lib/python2.5/site-packages/numpy/core/umath.so
ab4df000-ab4e2000 rw-p 00025000 08:03 118335     /usr/lib/python2.5/site-packages/numpy/core/umath.so
ab4e2000-ab4e3000 rw-p ab4e2000 00:00 0 
ab4e3000-ab53e000 r-xp 00000000 08:03 118334     /usr/lib/python2.5/site-packages/numpy/core/multiarray.so
ab53e000-ab544000 rw-p 0005a000 08:03 118334     /usr/lib/python2.5/site-packages/numpy/core/multiarray.so
ab544000-ab545000 rw-p ab544000 00:00 0 
ab545000-ab57d000 r-xp 00000000 08:03 2417       /lib/libncursesw.so.5.6
ab57d000-ab580000 rw-p 00037000 08:03 2417       /lib/libncursesw.so.5.6
ab580000-ab58f000 r-xp 00000000 08:03 118336     /usr/lib/python2.5/site-packages/numpy/core/_sort.so
ab58f000-ab590000 rw-p 0000e000 08:03 118336     /usr/lib/python2.5/site-packages/numpy/core/_sort.so
ab590000-ab59f000 r-xp 00000000 08:03 19071      /usr/lib/python2.5/lib-dynload/_curses.so
ab59f000-ab5a0000 rw-p 0000f000 08:03 19071      /usr/lib/python2.5/lib-dynload/_curses.so
ab5a0000-ab5a3000 ---p ab5a0000 00:00 0 
ab5a3000-ab5f1000 rwxp ab5a3000 00:00 0 
ab5f1000-ab5fe000 r--s 000bb000 08:03 111160     /usr/lib/python2.5/site-packages/lucene/lucene-core-2.4.0.jar
ab5fe000-ab5ff000 ---p ab5fe000 00:00 0 
ab5ff000-ab67f000 rwxp ab5ff000 00:00 0 
ab67f000-ab682000 ---p ab67f000 00:00 0 
ab682000-ab6d0000 rwxp ab682000 00:00 0 
ab6d0000-ab6d3000 ---p ab6d0000 00:00 0 
ab6d3000-ab751000 rwxp ab6d3000 00:00 0 
ab751000-ab754000 ---p ab751000 00:00 0 
ab754000-ab7d2000 rwxp ab754000 00:00 0 
ab7d2000-ab7d5000 ---p ab7d2000 00:00 0 
ab7d5000-ab823000 rwxp ab7d5000 00:00 0 
ab823000-ab826000 ---p ab823000 00:00 0 
ab826000-ab874000 rwxp ab826000 00:00 0 
ab874000-ab877000 ---p ab874000 00:00 0 
ab877000-ab8c5000 rwxp ab877000 00:00 0 
ab8c5000-ab8c6000 ---p ab8c5000 00:00 0 
ab8c6000-ab946000 rwxp ab8c6000 00:00 0 
ab946000-abad1000 r--s 02def000 08:03 116892     /usr/lib/jvm/java-6-sun-1.6.0.07/jre/lib/rt.jar
abad1000-abada000 rwxp abad1000 00:00 0 
abada000-abaf2000 rwxp abada000 00:00 0 
abaf2000-abaf5000 rwxp abaf2000 00:00 0 
abaf5000-abb0f000 rwxp abaf5000 00:00 0 
abb0f000-abb10000 rwxp abb0f000 00:00 0 
abb10000-abb12000 rwxp abb10000 00:00 0 
abb12000-abb15000 rwxp abb12000 00:00 0 
abb15000-abb2f000 rwxp abb15000 00:00 0 
abb2f000-abb37000 rwxp abb2f000 00:00 0 
abb37000-abb4f000 rwxp abb37000 00:00 0 
abb4f000-abc50000 rwxp abb4f000 00:00 0 
abc50000-ac260000 rwxp abc50000 00:00 0 
ac260000-ac660000 rwxp ac260000 00:00 0 
ac660000-afb50000 rwxp ac660000 00:00 0 
afb50000-b0b50000 rwxp afb50000 00:00 0 
b0b50000-b3b50000 rwxp b0b50000 00:00 0 
b3b51000-b3b54000 r-xp 00000000 08:03 19038      /usr/lib/python2.5/lib-dynload/mmap.so
b3b54000-b3b55000 rw-p 00003000 08:03 19038      /usr/lib/python2.5/lib-dynload/mmap.so
b3b55000-b3b57000 r-xp 00000000 08:03 19019      /usr/lib/python2.5/lib-dynload/_heapq.so
b3b57000-b3b59000 rw-p 00002000 08:03 19019      /usr/lib/python2.5/lib-dynload/_heapq.so
b3b59000-b3b5b000 r--s 00002000 08:03 111167     /usr/lib/python2.5/site-packages/lucene/extensions.jar
b3b5b000-b3b64000 rwxp b3b5b000 00:00 0 
b3b64000-b3c1b000 rwxp b3b64000 00:00 0 
b3c1b000-b3e5b000 rwxp b3c1b000 00:00 0 
b3e5b000-b6c1b000 rwxp b3e5b000 00:00 0 
b6c1b000-b6c2a000 r-xp 00000000 08:03 116681     /usr/lib/jvm/java-6-sun-1.6.0.07/jre/lib/i386/libzip.so
b6c2a000-b6c2c000 rw-p 0000e000 08:03 116681     /usr/lib/jvm/java-6-sun-1.6.0.07/jre/lib/i386/libzip.so
b6c2c000-b6c35000 r-xp 00000000 08:03 7515       /lib/tls/i686/cmov/libnss_files-2.7.so
b6c35000-b6c37000 rw-p 00008000 08:03 7515       /lib/tls/i686/cmov/libnss_files-2.7.so
b6c37000-b6c3f000 r-xp 00000000 08:03 7676       /lib/tls/i686/cmov/libnss_nis-2.7.so
b6c3f000-b6c41000 rw-p 00007000 08:03 7676       /lib/tls/i686/cmov/libnss_nis-2.7.so
b6c41000-b6c48000 r-xp 00000000 08:03 7335       /lib/tls/i686/cmov/libnss_compat-2.7.so
b6c48000-b6c4a000 rw-p 00006000 08:03 7335       /lib/tls/i686/cmov/libnss_compat-2.7.so
b6c4a000-b6c51000 r-xp 00000000 08:03 10806      /lib/tls/i686/cmov/librt-2.7.so
b6c51000-b6c53000 rw-p 00006000 08:03 10806      /lib/tls/i686/cmov/librt-2.7.so
b6c53000-b6c9f000 r-xp 00000000 08:03 111127     /usr/lib/python2.5/site-packages/jcc/_jcc.so
b6c9f000-b6ca0000 r--p 0004b000 08:03 111127     /usr/lib/python2.5/site-packages/jcc/_jcc.so
b6ca0000-b6ca2000 rw-p 0004c000 08:03 111127     /usr/lib/python2.5/site-packages/jcc/_jcc.so
b6ca2000-b6ca3000 rw-p b6ca2000 00:00 0 
b6ca3000-b6cae000 r-xp 00000000 08:03 116677     /usr/lib/jvm/java-6-sun-1.6.0.07/jre/lib/i386/libverify.so
b6cae000-b6caf000 rw-p 0000b000 08:03 116677     /usr/lib/jvm/java-6-sun-1.6.0.07/jre/lib/i386/libverify.so
b6caf000-b6db9000 r-xp 00000000 08:03 19107      /usr/lib/libpython2.5.so.1.0
b6db9000-b6dde000 rw-p 0010a000 08:03 19107      /usr/lib/libpython2.5.so.1.0
b6dde000-b6de4000 rw-p b6dde000 00:00 0 
b6de4000-b6dee000 r-xp 00000000 08:03 10777      /lib/libgcc_s.so.1
b6dee000-b6def000 rw-p 0000a000 08:03 10777      /lib/libgcc_s.so.1
b6def000-b6ed7000 r-xp 00000000 08:03 116999     /usr/lib/libstdc++.so.6.0.9
b6ed7000-b6eda000 r--p 000e8000 08:03 116999     /usr/lib/libstdc++.so.6.0.9
b6eda000-b6edc000 rw-p 000eb000 08:03 116999     /usr/lib/libstdc++.so.6.0.9
b6edc000-b6ee2000 rw-p b6edc000 00:00 0 
b6ee2000-b6ee4000 r--s 00009000 08:03 111166     /usr/lib/python2.5/site-packages/lucene/lucene-instantiated-2.4.0.jar
b6ee4000-b6ee6000 r--s 00007000 08:03 111165     /usr/lib/python2.5/site-packages/lucene/lucene-queries-2.4.0.jar
b6ee6000-b6eea000 r--s 00020000 08:03 111163     /usr/lib/python2.5/site-packages/lucene/lucene-analyzers-2.4.0.jar
b6eea000-b6ef2000 rw-s 00000000 08:03 156068     /tmp/hsperfdata_b/3439
b6ef2000-b6f15000 r-xp 00000000 08:03 116678     /usr/lib/jvm/java-6-sun-1.6.0.07/jre/lib/i386/libjava.so
b6f15000-b6f17000 rw-p 00023000 08:03 116678     /usr/lib/jvm/java-6-sun-1.6.0.07/jre/lib/i386/libjava.so
b6f17000-b762a000 r-xp 00000000 08:03 111170     /usr/lib/python2.5/site-packages/lucene/_lucene.so
b762a000-b7633000 r--p 00712000 08:03 111170     /usr/lib/python2.5/site-packages/lucene/_lucene.so
b7633000-b7665000 rw-p 0071b000 08:03 111170     /usr/lib/python2.5/site-packages/lucene/_lucene.so
b7665000-b7668000 rw-p b7665000 00:00 0 
b7668000-b7674000 r-xp 00000000 08:03 122899     /usr/lib/libmemcache.so.0.4.0
b7674000-b7675000 rw-p 0000c000 08:03 122899     /usr/lib/libmemcache.so.0.4.0
b7675000-b7678000 r--s 00014000 08:03 111162     /usr/lib/python2.5/site-packages/lucene/lucene-highlighter-2.4.0.jar
b7678000-b7683000 r-xp 00000000 08:03 112257     /usr/lib/python2.5/site-packages/libjcc.so
b7683000-b7684000 r--p 0000a000 08:03 112257     /usr/lib/python2.5/site-packages/libjcc.so
b7684000-b7685000 rw-p 0000b000 08:03 112257     /usr/lib/python2.5/site-packages/libjcc.so
b7685000-b7696000 r-xp 00000000 08:03 19036      /usr/lib/python2.5/lib-dynload/cPickle.so
b7696000-b7697000 rw-p 00010000 08:03 19036      /usr/lib/python2.5/lib-dynload/cPickle.so
b7697000-b76ab000 r-xp 00000000 08:03 7148       /lib/tls/i686/cmov/libnsl-2.7.so
b76ab000-b76ad000 rw-p 00013000 08:03 7148       /lib/tls/i686/cmov/libnsl-2.7.so
b76ad000-b76af000 rw-p b76ad000 00:00 0 
b76af000-b76b8000 r-xp 00000000 08:03 6097       /lib/tls/i686/cmov/libcrypt-2.7.so
b76b8000-b76ba000 rw-p 00008000 08:03 6097       /lib/tls/i686/cmov/libcrypt-2.7.so
b76ba000-b76e1000 rw-p b76ba000 00:00 0 
b76e1000-b787f000 r-xp 00000000 08:03 72275      /usr/lib/libmysqlclient_r.so.15.0.0
b787f000-b78c2000 rw-p 0019d000 08:03 72275      /usr/lib/libmysqlclient_r.so.15.0.0
b78c2000-b78c3000 rw-p b78c2000 00:00 0 
b78c4000-b78ca000 r-xp 00000000 08:03 116666     /usr/lib/jvm/java-6-sun-1.6.0.07/jre/lib/i386/native_threads/libhpi.so
b78ca000-b78cb000 rw-p 00006000 08:03 116666     /usr/lib/jvm/java-6-sun-1.6.0.07/jre/lib/i386/native_threads/libhpi.so
b78cb000-b78d0000 r-xp 00000000 08:03 433        /usr/lib/python2.5/site-packages/_cmemcache.so
b78d0000-b78d1000 rw-p 00004000 08:03 433        /usr/lib/python2.5/site-packages/_cmemcache.so
b78d1000-b78d2000 r-xp 00000000 08:03 19017      /usr/lib/python2.5/lib-dynload/_bisect.so
b78d2000-b78d3000 rw-p 00001000 08:03 19017      /usr/lib/python2.5/lib-dynload/_bisect.so
b78d3000-b78db000 r-xp 00000000 08:03 114600     /usr/lib/python-support/python-mysqldb/python2.5/_mysql.so
b78db000-b78df000 rw-p 00007000 08:03 114600     /usr/lib/python-support/python-mysqldb/python2.5/_mysql.so
b78df000-b78e1000 r-xp 00000000 08:03 19056      /usr/lib/python2.5/lib-dynload/_hashlib.so
b78e1000-b78e2000 rw-p 00002000 08:03 19056      /usr/lib/python2.5/lib-dynload/_hashlib.so
b78e2000-b78e3000 r-xp 00000000 08:03 19009      /usr/lib/python2.5/lib-dynload/_weakref.so
b78e3000-b78e4000 rw-p 00000000 08:03 19009      /usr/lib/python2.5/lib-dynload/_weakref.so
b78e5000-b78eb000 r-xp 00000000 08:03 18527      /usr/lib/python2.5/lib-dynload/array.so
b78eb000-b78ed000 rw-p 00006000 08:03 18527      /usr/lib/python2.5/lib-dynload/array.so
b78ed000-b792e000 rw-p b78ed000 00:00 0 
b792e000-b7931000 r-xp 00000000 08:03 18532      /usr/lib/python2.5/lib-dynload/fcntl.so
b7931000-b7932000 rw-p 00003000 08:03 18532      /usr/lib/python2.5/lib-dynload/fcntl.so
b7932000-b7937000 r-xp 00000000 08:03 18535      /usr/lib/python2.5/lib-dynload/itertools.so
b7937000-b7939000 rw-p 00005000 08:03 18535      /usr/lib/python2.5/lib-dynload/itertools.so
b7939000-b793b000 r-xp 00000000 08:03 18520      /usr/lib/python2.5/lib-dynload/_random.so
b793b000-b793c000 rw-p 00002000 08:03 18520      /usr/lib/python2.5/lib-dynload/_random.so
b793c000-b793f000 r-xp 00000000 08:03 18537      /usr/lib/python2.5/lib-dynload/math.so
b793f000-b7940000 rw-p 00002000 08:03 18537      /usr/lib/python2.5/lib-dynload/math.so
b799d000-b79a1000 rw-p b799d000 00:00 0 
b79a1000-b79a3000 r--s 0001a000 08:03 111161     /usr/lib/python2.5/site-packages/lucene/lucene-snowball-2.4.0.jar
b79a3000-b79a5000 r-xp 00000000 08:03 19021      /usr/lib/python2.5/lib-dynload/_functools.so
b79a5000-b79a6000 rw-p 00001000 08:03 19021      /usr/lib/python2.5/lib-dynload/_functools.so
b79a6000-b7aeb000 rw-p b79a6000 00:00 0 
b7aeb000-b7afa000 r-xp 00000000 08:03 19013      /usr/lib/python2.5/lib-dynload/datetime.so
b7afa000-b7afd000 rw-p 0000e000 08:03 19013      /usr/lib/python2.5/lib-dynload/datetime.so
b7afd000-b7b11000 r-xp 00000000 08:03 9249       /usr/lib/libz.so.1.2.3.3
b7b11000-b7b12000 rw-p 00013000 08:03 9249       /usr/lib/libz.so.1.2.3.3
b7b12000-b7c3c000 r-xp 00000000 08:03 17124      /usr/lib/i686/cmov/libcrypto.so.0.9.8
b7c3c000-b7c51000 rw-p 00129000 08:03 17124      /usr/lib/i686/cmov/libcrypto.so.0.9.8
b7c51000-b7c54000 rw-p b7c51000 00:00 0 
b7c54000-b7c92000 r-xp 00000000 08:03 17125      /usr/lib/i686/cmov/libssl.so.0.9.8
b7c92000-b7c96000 rw-p 0003d000 08:03 17125      /usr/lib/i686/cmov/libssl.so.0.9.8
b7c96000-b7c97000 r--s 00002000 08:03 111164     /usr/lib/python2.5/site-packages/lucene/lucene-regex-2.4.0.jar
b7c97000-b7c98000 rwxp b7c97000 00:00 0 
b7c98000-b7c9c000 r-xp 00000000 08:03 18529      /usr/lib/python2.5/lib-dynload/binascii.so
b7c9c000-b7c9d000 rw-p 00003000 08:03 18529      /usr/lib/python2.5/lib-dynload/binascii.so
b7c9d000-b7ca1000 r-xp 00000000 08:03 19015      /usr/lib/python2.5/lib-dynload/collections.so
b7ca1000-b7ca2000 rw-p 00004000 08:03 19015      /usr/lib/python2.5/lib-dynload/collections.so
b7ca2000-b7ca5000 r-xp 00000000 08:03 18525      /usr/lib/python2.5/lib-dynload/cStringIO.so
b7ca5000-b7ca6000 rw-p 00003000 08:03 18525      /usr/lib/python2.5/lib-dynload/cStringIO.so
b7ca6000-b7ca9000 r-xp 00000000 08:03 19054      /usr/lib/python2.5/lib-dynload/_ssl.so
b7ca9000-b7caa000 rw-p 00003000 08:03 19054      /usr/lib/python2.5/lib-dynload/_ssl.so
b7caa000-b7cb5000 r-xp 00000000 08:03 18522      /usr/lib/python2.5/lib-dynload/_socket.so
b7cb5000-b7cb8000 rw-p 0000a000 08:03 18522      /usr/lib/python2.5/lib-dynload/_socket.so
b7cb8000-b7cbb000 r-xp 00000000 08:03 18547      /usr/lib/python2.5/lib-dynload/time.so
b7cbb000-b7cbd000 rw-p 00002000 08:03 18547      /usr/lib/python2.5/lib-dynload/time.so
b7cbd000-b7cfe000 rw-p b7cbd000 00:00 0 
b7cfe000-b7cff000 r--p b7cfe000 00:00 0 
b7cff000-b7d03000 r-xp 00000000 08:03 18543      /usr/lib/python2.5/lib-dynload/strop.so
b7d03000-b7d05000 rw-p 00004000 08:03 18543      /usr/lib/python2.5/lib-dynload/strop.so
b7d05000-b7d47000 rw-p b7d05000 00:00 0 
b7d47000-b7d4e000 r--s 00000000 08:03 2420       /usr/lib/gconv/gconv-modules.cache
b7d4e000-b7d8d000 r--p 00000000 08:03 12234      /usr/lib/locale/en_US.utf8/LC_CTYPE
b7d8d000-b7e10000 rw-p b7d8d000 00:00 0 
b7e10000-b7f59000 r-xp 00000000 08:03 2480       /lib/tls/i686/cmov/libc-2.7.so
b7f59000-b7f5a000 r--p 00149000 08:03 2480       /lib/tls/i686/cmov/libc-2.7.so
b7f5a000-b7f5c000 rw-p 0014a000 08:03 2480       /lib/tls/i686/cmov/libc-2.7.so
b7f5c000-b7f5f000 rw-p b7f5c000 00:00 0 
b7f5f000-b7f82000 r-xp 00000000 08:03 6892       /lib/tls/i686/cmov/libm-2.7.so
b7f82000-b7f84000 rw-p 00023000 08:03 6892       /lib/tls/i686/cmov/libm-2.7.so
b7f84000-b7f86000 r-xp 00000000 08:03 10809      /lib/tls/i686/cmov/libutil-2.7.so
b7f86000-b7f88000 rw-p 00001000 08:03 10809      /lib/tls/i686/cmov/libutil-2.7.so
b7f88000-b7f89000 rw-p b7f88000 00:00 0 
b7f89000-b7f8b000 r-xp 00000000 08:03 6098       /lib/tls/i686/cmov/libdl-2.7.so
b7f8b000-b7f8d000 rw-p 00001000 08:03 6098       /lib/tls/i686/cmov/libdl-2.7.so
b7f8d000-b7fa1000 r-xp 00000000 08:03 9252       /lib/tls/i686/cmov/libpthread-2.7.so
b7fa1000-b7fa3000 rw-p 00013000 08:03 9252       /lib/tls/i686/cmov/libpthread-2.7.so
b7fa3000-b7fa5000 rw-p b7fa3000 00:00 0 
b7fa5000-b7faa000 r-xp 00000000 08:03 18523      /usr/lib/python2.5/lib-dynload/_struct.so
b7faa000-b7fab000 rw-p 00005000 08:03 18523      /usr/lib/python2.5/lib-dynload/_struct.so
b7fab000-b7fb0000 r-xp 00000000 08:03 18539      /usr/lib/python2.5/lib-dynload/operator.so
b7fb0000-b7fb1000 rw-p 00005000 08:03 18539      /usr/lib/python2.5/lib-dynload/operator.so
b7fb1000-b7fb4000 r-xp 00000000 08:03 19030      /usr/lib/python2.5/lib-dynload/_locale.so
b7fb4000-b7fb5000 rw-p 00003000 08:03 19030      /usr/lib/python2.5/lib-dynload/_locale.so
b7fb5000-b7fb7000 rw-p b7fb5000 00:00 0 
b7fb7000-b7fb8000 r-xp b7fb7000 00:00 0          [vdso]
b7fb8000-b7fd2000 r-xp 00000000 08:03 16652      /lib/ld-2.7.so
b7fd2000-b7fd4000 rw-p 00019000 08:03 16652      /lib/ld-2.7.so
bffa8000-bffab000 ---p bffa8000 00:00 0 
bffab000-bfff8000 rwxp bffb3000 00:00 0          [stack]

VM Arguments:
java_command: <unknown>
Launcher Type: generic

Environment Variables:
JAVA_HOME=/usr/lib/jvm/java-6-sun
CLASSPATH=/home/b/App/glassfish-v2ur2/lib/javaee.jar
PATH=/home/b/Programming/Library/java/hadoop-0.18.3/bin:/home/b/Programming/Library/Python/google_appengine:/usr/local/sbin:/usr/local/bin:/usr/sbin:/usr/bin:/sbin:/bin:/usr/games
USERNAME=b
LD_LIBRARY_PATH=/usr/lib/jvm/java-6-sun/jre/lib/i386/server:/usr/lib/jvm/java-6-sun/jre/lib/i386:/usr/lib/python2.5/site-packages:
SHELL=/bin/bash
DISPLAY=:0.0

Signal Handlers:
SIGSEGV: [libjvm.so+0x5edc30], sa_mask[0]=0x7ffbfeff, sa_flags=0x10000004
SIGBUS: [libjvm.so+0x5edc30], sa_mask[0]=0x7ffbfeff, sa_flags=0x10000004
SIGFPE: [libjvm.so+0x4fc6a0], sa_mask[0]=0x7ffbfeff, sa_flags=0x10000004
SIGPIPE: SIG_IGN, sa_mask[0]=0x00001000, sa_flags=0x10000000
SIGXFSZ: [libjvm.so+0x4fc6a0], sa_mask[0]=0x7ffbfeff, sa_flags=0x10000004
SIGILL: [libjvm.so+0x4fc6a0], sa_mask[0]=0x7ffbfeff, sa_flags=0x10000004
SIGUSR1: SIG_DFL, sa_mask[0]=0x00000000, sa_flags=0x00000000
SIGUSR2: [libjvm.so+0x4fe6e0], sa_mask[0]=0x00000000, sa_flags=0x10000004
SIGHUP: [libjvm.so+0x4fe480], sa_mask[0]=0x7ffbfeff, sa_flags=0x10000004
SIGINT: [libjvm.so+0x4fe480], sa_mask[0]=0x7ffbfeff, sa_flags=0x10000004
SIGTERM: [libjvm.so+0x4fe480], sa_mask[0]=0x7ffbfeff, sa_flags=0x10000004
SIGQUIT: [libjvm.so+0x4fe480], sa_mask[0]=0x7ffbfeff, sa_flags=0x10000004


---------------  S Y S T E M  ---------------

OS:lenny/sid

uname:Linux 2.6.24-24-generic #1 SMP Wed Mar 25 12:16:54 UTC 2009 i686
libc:glibc 2.7 NPTL 2.7 
rlimit: STACK 8192k, CORE 0k, NPROC 8115, NOFILE 1024, AS infinity
load average:0.82 0.82 0.64

CPU:total 1 (1 cores per cpu, 1 threads per core) family 6 model 6 stepping 1, cmov, cx8, fxsr, mmx, sse, sse2, sse3, ssse3

Memory: 4k page, physical 1025688k(30884k free), swap 2835432k(2515240k free)

vm_info: Java HotSpot(TM) Server VM (10.0-b23) for linux-x86 JRE (1.6.0_07-b06), built on Jun 10 2008 01:20:15 by "java_re" with gcc 3.2.1-7a (J2SE release)

time: Sun Apr 19 18:12:58 2009
elapsed time: 23 seconds

