#
# An unexpected error has been detected by Java Runtime Environment:
#
#  SIGSEGV (0xb) at pc=0xb7631e2a, pid=3332, tid=3084740800
#
# Java VM: Java HotSpot(TM) Server VM (10.0-b23 mixed mode linux-x86)
# Problematic frame:
# C  [libmemcache.so.0+0x2e2a]  mcm_res_free_on_delete+0xd
#
# If you would like to submit a bug report, please visit:
#   http://java.sun.com/webapps/bugreport/crash.jsp
# The crash happened outside the Java Virtual Machine in native code.
# See problematic frame for where to report the bug.
#

---------------  T H R E A D  ---------------

Current thread (0x0860e000):  JavaThread "main" [_thread_in_native, id=3332, stack(0xbfa0b000,0xbfa5b000)]

siginfo:si_signo=SIGSEGV: si_errno=0, si_code=1 (SEGV_MAPERR), si_addr=0x00000026

Registers:
EAX=0x085418b0, EBX=0xb78975f4, ECX=0x00000001, EDX=0x00000000
ESP=0xbfa55b28, EBP=0xbfa55b28, ESI=0x0816b1b8, EDI=0x00000000
EIP=0xb7631e2a, CR2=0x00000026, EFLAGS=0x00210202

Top of Stack: (sp=0xbfa55b28)
0xbfa55b28:   bfa55b68 b7894d9f 085418b0 00000000
0xbfa55b38:   00000001 0000000c 00000001 0854b7a4
0xbfa55b48:   08e90dd0 08099e5a 0915682c 0000000c
0xbfa55b58:   09150cb4 08feacec 00000000 0915668c
0xbfa55b68:   bfa55b88 0805cb97 0854b7a4 08feacec
0xbfa55b78:   00000000 0805ce6a 00000001 08feacec
0xbfa55b88:   bfa55ba8 080c2e9c 0915668c 08feacec
0xbfa55b98:   00000000 0854b7a4 08feacec 0915682c 

Instructions: (pc=0xb7631e2a)
0xb7631e1a:   5b 5d c3 55 89 e5 8b 55 0c 8b 4d 10 85 c9 74 0d
0xb7631e2a:   0f b6 42 26 24 fd 0c 01 88 42 26 5d c3 0f b6 42 

Stack: [0xbfa0b000,0xbfa5b000],  sp=0xbfa55b28,  free space=298k
Native frames: (J=compiled Java code, j=interpreted, Vv=VM code, C=native code)
C  [libmemcache.so.0+0x2e2a]  mcm_res_free_on_delete+0xd
C  [_cmemcache.so+0x2d9f]
C  [python+0x14b97]  PyObject_Call+0x27
C  [python+0x7ae9c]  PyEval_CallObjectWithKeywords+0x6c
C  [python+0xc80f1]
C  [python+0x14b97]  PyObject_Call+0x27
C  [python+0x7faa7]  PyEval_EvalFrameEx+0x3d07
C  [python+0x816e5]  PyEval_EvalFrameEx+0x5945
C  [python+0x831f7]  PyEval_EvalCodeEx+0x6e7
C  [python+0x813fe]  PyEval_EvalFrameEx+0x565e
C  [python+0x831f7]  PyEval_EvalCodeEx+0x6e7
C  [python+0xcb72e]
C  [python+0x14b97]  PyObject_Call+0x27
C  [python+0x1abfb]
C  [python+0x15ecd]
C  [python+0x17a38]  PyObject_CallMethod+0x68
C  [_lucene.so+0x3ed54b]
v  ~BufferBlob::Interpreter
v  ~BufferBlob::Interpreter
v  ~BufferBlob::Interpreter
v  ~BufferBlob::Interpreter
v  ~BufferBlob::Interpreter
v  ~BufferBlob::Interpreter
v  ~BufferBlob::Interpreter
v  ~BufferBlob::StubRoutines (1)
V  [libjvm.so+0x3735bd]
V  [libjvm.so+0x4fd5d8]
V  [libjvm.so+0x373450]
V  [libjvm.so+0x39cce7]
V  [libjvm.so+0x380e5a]
C  [libjcc.so+0x7b2d]  _ZN6JCCEnv16callObjectMethodEP8_jobjectP10_jmethodIDz+0x4d
C  [_lucene.so+0x1a7b4a]  _ZNK3org6apache6lucene6search8Searcher6searchERKNS2_5QueryERKNS2_6FilterE+0x5a
C  [_lucene.so+0x2b7d84]
C  [python+0x14b97]  PyObject_Call+0x27
C  [_lucene.so+0x155a2c]  _Z9callSuperP11_typeobjectP7_objectPKcS2_i+0xcc
C  [_lucene.so+0x40c809]
C  [python+0x81ab3]  PyEval_EvalFrameEx+0x5d13
C  [python+0x831f7]  PyEval_EvalCodeEx+0x6e7
C  [python+0x813fe]  PyEval_EvalFrameEx+0x565e
C  [python+0x816e5]  PyEval_EvalFrameEx+0x5945
C  [python+0x831f7]  PyEval_EvalCodeEx+0x6e7
C  [python+0xcb6b6]
C  [python+0x14b97]  PyObject_Call+0x27
C  [python+0x7fe04]  PyEval_EvalFrameEx+0x4064
C  [python+0x816e5]  PyEval_EvalFrameEx+0x5945
C  [python+0x831f7]  PyEval_EvalCodeEx+0x6e7
C  [python+0xcb72e]
C  [python+0x14b97]  PyObject_Call+0x27
C  [python+0x1abfb]
C  [python+0x14b97]  PyObject_Call+0x27
C  [python+0x5577c]
C  [python+0x14b97]  PyObject_Call+0x27
C  [python+0x7faa7]  PyEval_EvalFrameEx+0x3d07
C  [python+0x831f7]  PyEval_EvalCodeEx+0x6e7
C  [python+0xcb72e]
C  [python+0x14b97]  PyObject_Call+0x27
C  [python+0x1abfb]
C  [python+0x14b97]  PyObject_Call+0x27
C  [python+0x5577c]
C  [python+0x14b97]  PyObject_Call+0x27
C  [python+0x7faa7]  PyEval_EvalFrameEx+0x3d07
C  [python+0x816e5]  PyEval_EvalFrameEx+0x5945
C  [python+0x816e5]  PyEval_EvalFrameEx+0x5945
C  [python+0x831f7]  PyEval_EvalCodeEx+0x6e7
C  [python+0xcb6b6]
C  [python+0x14b97]  PyObject_Call+0x27
C  [python+0x1abfb]
C  [python+0x14b97]  PyObject_Call+0x27
C  [python+0x7fe04]  PyEval_EvalFrameEx+0x4064
C  [python+0x831f7]  PyEval_EvalCodeEx+0x6e7
C  [python+0xcb72e]
C  [python+0x14b97]  PyObject_Call+0x27
C  [python+0x1abfb]
C  [python+0x14b97]  PyObject_Call+0x27
C  [python+0x7ae9c]  PyEval_CallObjectWithKeywords+0x6c
C  [python+0x1e40e]  PyInstance_New+0x6e
C  [python+0x14b97]  PyObject_Call+0x27
C  [python+0x7faa7]  PyEval_EvalFrameEx+0x3d07
C  [python+0x816e5]  PyEval_EvalFrameEx+0x5945
C  [python+0x816e5]  PyEval_EvalFrameEx+0x5945
C  [python+0x816e5]  PyEval_EvalFrameEx+0x5945
C  [python+0x816e5]  PyEval_EvalFrameEx+0x5945
C  [python+0x816e5]  PyEval_EvalFrameEx+0x5945
C  [python+0x831f7]  PyEval_EvalCodeEx+0x6e7
C  [python+0x813fe]  PyEval_EvalFrameEx+0x565e
C  [python+0x831f7]  PyEval_EvalCodeEx+0x6e7
C  [python+0xcb6b6]
C  [python+0x14b97]  PyObject_Call+0x27
C  [python+0x7fe04]  PyEval_EvalFrameEx+0x4064
C  [python+0x831f7]  PyEval_EvalCodeEx+0x6e7
C  [python+0xcb6b6]
C  [python+0x14b97]  PyObject_Call+0x27
C  [python+0x7fe04]  PyEval_EvalFrameEx+0x4064
C  [python+0x816e5]  PyEval_EvalFrameEx+0x5945
C  [python+0x816e5]  PyEval_EvalFrameEx+0x5945
C  [python+0x831f7]  PyEval_EvalCodeEx+0x6e7
C  [python+0x813fe]  PyEval_EvalFrameEx+0x565e
C  [python+0x831f7]  PyEval_EvalCodeEx+0x6e7
C  [python+0x83347]  PyEval_EvalCode+0x57
C  [python+0xa2818]  PyRun_FileExFlags+0xf8
...<more frames>...

Java frames: (J=compiled Java code, j=interpreted, Vv=VM code)
v  ~BufferBlob::Interpreter
v  ~BufferBlob::Interpreter
v  ~BufferBlob::Interpreter
v  ~BufferBlob::Interpreter
v  ~BufferBlob::Interpreter
v  ~BufferBlob::Interpreter
v  ~BufferBlob::Interpreter
v  ~BufferBlob::StubRoutines (1)

---------------  P R O C E S S  ---------------

Java Threads: ( => current thread )
  0x0880a400 JavaThread "TimeLimitedCollector timer thread" daemon [_thread_blocked, id=3341, stack(0xab570000,0xab5c1000)]
  0x086ac800 JavaThread "Low Memory Detector" daemon [_thread_blocked, id=3339, stack(0xab64f000,0xab6a0000)]
  0x086ab400 JavaThread "CompilerThread1" daemon [_thread_blocked, id=3338, stack(0xab6a0000,0xab721000)]
  0x086a0c00 JavaThread "CompilerThread0" daemon [_thread_blocked, id=3337, stack(0xab721000,0xab7a2000)]
  0x0869f800 JavaThread "Signal Dispatcher" daemon [_thread_blocked, id=3336, stack(0xab7a2000,0xab7f3000)]
  0x0868d400 JavaThread "Finalizer" daemon [_thread_blocked, id=3335, stack(0xab7f3000,0xab844000)]
  0x0868c400 JavaThread "Reference Handler" daemon [_thread_blocked, id=3334, stack(0xab844000,0xab895000)]
=>0x0860e000 JavaThread "main" [_thread_in_native, id=3332, stack(0xbfa0b000,0xbfa5b000)]

Other Threads:
  0x08689000 VMThread [stack: 0xab895000,0xab916000] [id=3333]
  0x086ae000 WatcherThread [stack: 0xab5ce000,0xab64f000] [id=3340]

VM state:not at safepoint (normal execution)

VM Mutex/Monitor currently owned by a thread: None

Heap
 def new generation   total 960K, used 764K [0xabb20000, 0xabc20000, 0xac230000)
  eden space 896K,  78% used [0xabb20000, 0xabbcf250, 0xabc00000)
  from space 64K, 100% used [0xabc00000, 0xabc10000, 0xabc10000)
  to   space 64K,   0% used [0xabc10000, 0xabc10000, 0xabc20000)
 tenured generation   total 4096K, used 2424K [0xac230000, 0xac630000, 0xafb20000)
   the space 4096K,  59% used [0xac230000, 0xac48e120, 0xac48e200, 0xac630000)
 compacting perm gen  total 16384K, used 3751K [0xafb20000, 0xb0b20000, 0xb3b20000)
   the space 16384K,  22% used [0xafb20000, 0xafec9f98, 0xafeca000, 0xb0b20000)
No shared spaces configured.

Dynamic libraries:
06000000-0665d000 r-xp 00000000 08:03 116668     /usr/lib/jvm/java-6-sun-1.6.0.07/jre/lib/i386/server/libjvm.so
0665d000-066a1000 rw-p 0065c000 08:03 116668     /usr/lib/jvm/java-6-sun-1.6.0.07/jre/lib/i386/server/libjvm.so
066a1000-06ac3000 rw-p 066a1000 00:00 0 
08048000-08140000 r-xp 00000000 08:03 18508      /usr/bin/python2.5
08140000-08165000 rw-p 000f7000 08:03 18508      /usr/bin/python2.5
08165000-09e37000 rw-p 08165000 00:00 0          [heap]
a92a4000-a92a5000 ---p a92a4000 00:00 0 
a92a5000-a9aa5000 rwxp a92a5000 00:00 0 
a9f00000-a9f21000 rw-p a9f00000 00:00 0 
a9f21000-aa000000 ---p a9f21000 00:00 0 
aa065000-aa066000 ---p aa065000 00:00 0 
aa066000-aa866000 rwxp aa066000 00:00 0 
aa866000-aa9e7000 rw-p aa866000 00:00 0 
aa9e7000-aaa55000 r-xp 00000000 08:03 72219      /usr/lib/libsqlite3.so.0.8.6
aaa55000-aaa56000 r--p 0006d000 08:03 72219      /usr/lib/libsqlite3.so.0.8.6
aaa56000-aaa57000 rw-p 0006e000 08:03 72219      /usr/lib/libsqlite3.so.0.8.6
aaa67000-aaa74000 r-xp 00000000 08:03 19060      /usr/lib/python2.5/lib-dynload/_sqlite3.so
aaa74000-aaa76000 rw-p 0000c000 08:03 19060      /usr/lib/python2.5/lib-dynload/_sqlite3.so
aaa76000-aaaa9000 r-xp 00000000 08:03 19079      /usr/lib/python2.5/lib-dynload/pyexpat.so
aaaa9000-aaaac000 rw-p 00033000 08:03 19079      /usr/lib/python2.5/lib-dynload/pyexpat.so
aaaac000-aabd1000 r-xp 00000000 08:03 8567       /usr/lib/libdb-4.6.so
aabd1000-aabd3000 rw-p 00125000 08:03 8567       /usr/lib/libdb-4.6.so
aabd5000-aabd9000 r-xp 00000000 08:03 18551      /usr/lib/python2.5/lib-dynload/zlib.so
aabd9000-aabda000 rw-p 00004000 08:03 18551      /usr/lib/python2.5/lib-dynload/zlib.so
aabda000-aabe2000 r-xp 00000000 08:03 19081      /usr/lib/python2.5/lib-dynload/_elementtree.so
aabe2000-aabe3000 rw-p 00007000 08:03 19081      /usr/lib/python2.5/lib-dynload/_elementtree.so
aabe3000-aabf9000 r-xp 00000000 08:03 19058      /usr/lib/python2.5/lib-dynload/_bsddb.so
aabf9000-aabfb000 rw-p 00015000 08:03 19058      /usr/lib/python2.5/lib-dynload/_bsddb.so
aabfb000-aac0f000 r-xp 00000000 08:03 19005      /usr/lib/python2.5/lib-dynload/_ctypes.so
aac0f000-aac11000 rw-p 00014000 08:03 19005      /usr/lib/python2.5/lib-dynload/_ctypes.so
aac11000-aac42000 r-xp 00000000 08:03 118342     /usr/lib/python2.5/site-packages/numpy/random/mtrand.so
aac42000-aac46000 rw-p 00031000 08:03 118342     /usr/lib/python2.5/site-packages/numpy/random/mtrand.so
aac46000-aacdc000 r-xp 00000000 08:03 10782      /usr/lib/libgfortran.so.2.0.0
aacdc000-aacdd000 rw-p 00096000 08:03 10782      /usr/lib/libgfortran.so.2.0.0
aacdd000-aad5a000 r-xp 00000000 08:03 10795      /usr/lib/libblas.so.3gf.0
aad5a000-aad5b000 rw-p 0007d000 08:03 10795      /usr/lib/libblas.so.3gf.0
aad5b000-ab33d000 r-xp 00000000 08:03 32332      /usr/lib/liblapack.so.3gf.0
ab33d000-ab340000 rw-p 005e2000 08:03 32332      /usr/lib/liblapack.so.3gf.0
ab340000-ab44d000 rw-p ab340000 00:00 0 
ab44f000-ab452000 r-xp 00000000 08:03 18541      /usr/lib/python2.5/lib-dynload/select.so
ab452000-ab453000 rw-p 00002000 08:03 18541      /usr/lib/python2.5/lib-dynload/select.so
ab453000-ab45c000 r-xp 00000000 08:03 118340     /usr/lib/python2.5/site-packages/numpy/fft/fftpack_lite.so
ab45c000-ab45d000 rw-p 00008000 08:03 118340     /usr/lib/python2.5/site-packages/numpy/fft/fftpack_lite.so
ab45d000-ab461000 r-xp 00000000 08:03 118341     /usr/lib/python2.5/site-packages/numpy/linalg/lapack_lite.so
ab461000-ab462000 rw-p 00003000 08:03 118341     /usr/lib/python2.5/site-packages/numpy/linalg/lapack_lite.so
ab462000-ab465000 r-xp 00000000 08:03 118338     /usr/lib/python2.5/site-packages/numpy/lib/_compiled_base.so
ab465000-ab466000 rw-p 00002000 08:03 118338     /usr/lib/python2.5/site-packages/numpy/lib/_compiled_base.so
ab466000-ab480000 r-xp 00000000 08:03 118337     /usr/lib/python2.5/site-packages/numpy/core/scalarmath.so
ab480000-ab481000 rw-p 0001a000 08:03 118337     /usr/lib/python2.5/site-packages/numpy/core/scalarmath.so
ab481000-ab484000 r-xp 00000000 08:03 19038      /usr/lib/python2.5/lib-dynload/mmap.so
ab484000-ab485000 rw-p 00003000 08:03 19038      /usr/lib/python2.5/lib-dynload/mmap.so
ab485000-ab4ab000 r-xp 00000000 08:03 118335     /usr/lib/python2.5/site-packages/numpy/core/umath.so
ab4ab000-ab4ae000 rw-p 00025000 08:03 118335     /usr/lib/python2.5/site-packages/numpy/core/umath.so
ab4ae000-ab4af000 rw-p ab4ae000 00:00 0 
ab4af000-ab50a000 r-xp 00000000 08:03 118334     /usr/lib/python2.5/site-packages/numpy/core/multiarray.so
ab50a000-ab510000 rw-p 0005a000 08:03 118334     /usr/lib/python2.5/site-packages/numpy/core/multiarray.so
ab510000-ab511000 rw-p ab510000 00:00 0 
ab511000-ab549000 r-xp 00000000 08:03 2417       /lib/libncursesw.so.5.6
ab549000-ab54c000 rw-p 00037000 08:03 2417       /lib/libncursesw.so.5.6
ab54c000-ab55b000 r-xp 00000000 08:03 118336     /usr/lib/python2.5/site-packages/numpy/core/_sort.so
ab55b000-ab55c000 rw-p 0000e000 08:03 118336     /usr/lib/python2.5/site-packages/numpy/core/_sort.so
ab55c000-ab56b000 r-xp 00000000 08:03 19071      /usr/lib/python2.5/lib-dynload/_curses.so
ab56b000-ab56c000 rw-p 0000f000 08:03 19071      /usr/lib/python2.5/lib-dynload/_curses.so
ab56c000-ab56e000 r-xp 00000000 08:03 19019      /usr/lib/python2.5/lib-dynload/_heapq.so
ab56e000-ab570000 rw-p 00002000 08:03 19019      /usr/lib/python2.5/lib-dynload/_heapq.so
ab570000-ab573000 ---p ab570000 00:00 0 
ab573000-ab5c1000 rwxp ab573000 00:00 0 
ab5c1000-ab5ce000 r--s 000bb000 08:03 111160     /usr/lib/python2.5/site-packages/lucene/lucene-core-2.4.0.jar
ab5ce000-ab5cf000 ---p ab5ce000 00:00 0 
ab5cf000-ab64f000 rwxp ab5cf000 00:00 0 
ab64f000-ab652000 ---p ab64f000 00:00 0 
ab652000-ab6a0000 rwxp ab652000 00:00 0 
ab6a0000-ab6a3000 ---p ab6a0000 00:00 0 
ab6a3000-ab721000 rwxp ab6a3000 00:00 0 
ab721000-ab724000 ---p ab721000 00:00 0 
ab724000-ab7a2000 rwxp ab724000 00:00 0 
ab7a2000-ab7a5000 ---p ab7a2000 00:00 0 
ab7a5000-ab7f3000 rwxp ab7a5000 00:00 0 
ab7f3000-ab7f6000 ---p ab7f3000 00:00 0 
ab7f6000-ab844000 rwxp ab7f6000 00:00 0 
ab844000-ab847000 ---p ab844000 00:00 0 
ab847000-ab895000 rwxp ab847000 00:00 0 
ab895000-ab896000 ---p ab895000 00:00 0 
ab896000-ab916000 rwxp ab896000 00:00 0 
ab916000-abaa1000 r--s 02def000 08:03 116892     /usr/lib/jvm/java-6-sun-1.6.0.07/jre/lib/rt.jar
abaa1000-abaaa000 rwxp abaa1000 00:00 0 
abaaa000-abac2000 rwxp abaaa000 00:00 0 
abac2000-abac5000 rwxp abac2000 00:00 0 
abac5000-abadf000 rwxp abac5000 00:00 0 
abadf000-abae0000 rwxp abadf000 00:00 0 
abae0000-abae2000 rwxp abae0000 00:00 0 
abae2000-abae5000 rwxp abae2000 00:00 0 
abae5000-abaff000 rwxp abae5000 00:00 0 
abaff000-abb07000 rwxp abaff000 00:00 0 
abb07000-abb1f000 rwxp abb07000 00:00 0 
abb1f000-abc20000 rwxp abb1f000 00:00 0 
abc20000-ac230000 rwxp abc20000 00:00 0 
ac230000-ac630000 rwxp ac230000 00:00 0 
ac630000-afb20000 rwxp ac630000 00:00 0 
afb20000-b0b20000 rwxp afb20000 00:00 0 
b0b20000-b3b20000 rwxp b0b20000 00:00 0 
b3b20000-b3b22000 r--s 00002000 08:03 111167     /usr/lib/python2.5/site-packages/lucene/extensions.jar
b3b22000-b3b2b000 rwxp b3b22000 00:00 0 
b3b2b000-b3be2000 rwxp b3b2b000 00:00 0 
b3be2000-b3e22000 rwxp b3be2000 00:00 0 
b3e22000-b6be2000 rwxp b3e22000 00:00 0 
b6be2000-b6bf1000 r-xp 00000000 08:03 116681     /usr/lib/jvm/java-6-sun-1.6.0.07/jre/lib/i386/libzip.so
b6bf1000-b6bf3000 rw-p 0000e000 08:03 116681     /usr/lib/jvm/java-6-sun-1.6.0.07/jre/lib/i386/libzip.so
b6bf3000-b6bfc000 r-xp 00000000 08:03 7515       /lib/tls/i686/cmov/libnss_files-2.7.so
b6bfc000-b6bfe000 rw-p 00008000 08:03 7515       /lib/tls/i686/cmov/libnss_files-2.7.so
b6bfe000-b6c06000 r-xp 00000000 08:03 7676       /lib/tls/i686/cmov/libnss_nis-2.7.so
b6c06000-b6c08000 rw-p 00007000 08:03 7676       /lib/tls/i686/cmov/libnss_nis-2.7.so
b6c08000-b6c0f000 r-xp 00000000 08:03 7335       /lib/tls/i686/cmov/libnss_compat-2.7.so
b6c0f000-b6c11000 rw-p 00006000 08:03 7335       /lib/tls/i686/cmov/libnss_compat-2.7.so
b6c11000-b6c18000 r-xp 00000000 08:03 10806      /lib/tls/i686/cmov/librt-2.7.so
b6c18000-b6c1a000 rw-p 00006000 08:03 10806      /lib/tls/i686/cmov/librt-2.7.so
b6c1a000-b6c66000 r-xp 00000000 08:03 111127     /usr/lib/python2.5/site-packages/jcc/_jcc.so
b6c66000-b6c67000 r--p 0004b000 08:03 111127     /usr/lib/python2.5/site-packages/jcc/_jcc.so
b6c67000-b6c69000 rw-p 0004c000 08:03 111127     /usr/lib/python2.5/site-packages/jcc/_jcc.so
b6c69000-b6c6a000 rw-p b6c69000 00:00 0 
b6c6a000-b6c75000 r-xp 00000000 08:03 116677     /usr/lib/jvm/java-6-sun-1.6.0.07/jre/lib/i386/libverify.so
b6c75000-b6c76000 rw-p 0000b000 08:03 116677     /usr/lib/jvm/java-6-sun-1.6.0.07/jre/lib/i386/libverify.so
b6c76000-b6d80000 r-xp 00000000 08:03 19107      /usr/lib/libpython2.5.so.1.0
b6d80000-b6da5000 rw-p 0010a000 08:03 19107      /usr/lib/libpython2.5.so.1.0
b6da5000-b6dab000 rw-p b6da5000 00:00 0 
b6dab000-b6db5000 r-xp 00000000 08:03 10777      /lib/libgcc_s.so.1
b6db5000-b6db6000 rw-p 0000a000 08:03 10777      /lib/libgcc_s.so.1
b6db6000-b6e9e000 r-xp 00000000 08:03 116999     /usr/lib/libstdc++.so.6.0.9
b6e9e000-b6ea1000 r--p 000e8000 08:03 116999     /usr/lib/libstdc++.so.6.0.9
b6ea1000-b6ea3000 rw-p 000eb000 08:03 116999     /usr/lib/libstdc++.so.6.0.9
b6ea3000-b6ea9000 rw-p b6ea3000 00:00 0 
b6ea9000-b6eab000 r--s 00009000 08:03 111166     /usr/lib/python2.5/site-packages/lucene/lucene-instantiated-2.4.0.jar
b6eab000-b6ead000 r--s 00007000 08:03 111165     /usr/lib/python2.5/site-packages/lucene/lucene-queries-2.4.0.jar
b6ead000-b6eb1000 r--s 00020000 08:03 111163     /usr/lib/python2.5/site-packages/lucene/lucene-analyzers-2.4.0.jar
b6eb1000-b6eb9000 rw-s 00000000 08:03 156068     /tmp/hsperfdata_b/3332
b6eb9000-b6edc000 r-xp 00000000 08:03 116678     /usr/lib/jvm/java-6-sun-1.6.0.07/jre/lib/i386/libjava.so
b6edc000-b6ede000 rw-p 00023000 08:03 116678     /usr/lib/jvm/java-6-sun-1.6.0.07/jre/lib/i386/libjava.so
b6ede000-b75f1000 r-xp 00000000 08:03 111170     /usr/lib/python2.5/site-packages/lucene/_lucene.so
b75f1000-b75fa000 r--p 00712000 08:03 111170     /usr/lib/python2.5/site-packages/lucene/_lucene.so
b75fa000-b762c000 rw-p 0071b000 08:03 111170     /usr/lib/python2.5/site-packages/lucene/_lucene.so
b762c000-b762f000 rw-p b762c000 00:00 0 
b762f000-b763b000 r-xp 00000000 08:03 122899     /usr/lib/libmemcache.so.0.4.0
b763b000-b763c000 rw-p 0000c000 08:03 122899     /usr/lib/libmemcache.so.0.4.0
b763c000-b763f000 r--s 00014000 08:03 111162     /usr/lib/python2.5/site-packages/lucene/lucene-highlighter-2.4.0.jar
b763f000-b764a000 r-xp 00000000 08:03 112257     /usr/lib/python2.5/site-packages/libjcc.so
b764a000-b764b000 r--p 0000a000 08:03 112257     /usr/lib/python2.5/site-packages/libjcc.so
b764b000-b764c000 rw-p 0000b000 08:03 112257     /usr/lib/python2.5/site-packages/libjcc.so
b764c000-b765d000 r-xp 00000000 08:03 19036      /usr/lib/python2.5/lib-dynload/cPickle.so
b765d000-b765e000 rw-p 00010000 08:03 19036      /usr/lib/python2.5/lib-dynload/cPickle.so
b765e000-b7672000 r-xp 00000000 08:03 7148       /lib/tls/i686/cmov/libnsl-2.7.so
b7672000-b7674000 rw-p 00013000 08:03 7148       /lib/tls/i686/cmov/libnsl-2.7.so
b7674000-b7676000 rw-p b7674000 00:00 0 
b7676000-b767f000 r-xp 00000000 08:03 6097       /lib/tls/i686/cmov/libcrypt-2.7.so
b767f000-b7681000 rw-p 00008000 08:03 6097       /lib/tls/i686/cmov/libcrypt-2.7.so
b7681000-b76a8000 rw-p b7681000 00:00 0 
b76a8000-b7846000 r-xp 00000000 08:03 72275      /usr/lib/libmysqlclient_r.so.15.0.0
b7846000-b7889000 rw-p 0019d000 08:03 72275      /usr/lib/libmysqlclient_r.so.15.0.0
b7889000-b788a000 rw-p b7889000 00:00 0 
b788b000-b7891000 r-xp 00000000 08:03 116666     /usr/lib/jvm/java-6-sun-1.6.0.07/jre/lib/i386/native_threads/libhpi.so
b7891000-b7892000 rw-p 00006000 08:03 116666     /usr/lib/jvm/java-6-sun-1.6.0.07/jre/lib/i386/native_threads/libhpi.so
b7892000-b7897000 r-xp 00000000 08:03 433        /usr/lib/python2.5/site-packages/_cmemcache.so
b7897000-b7898000 rw-p 00004000 08:03 433        /usr/lib/python2.5/site-packages/_cmemcache.so
b7898000-b7899000 r-xp 00000000 08:03 19017      /usr/lib/python2.5/lib-dynload/_bisect.so
b7899000-b789a000 rw-p 00001000 08:03 19017      /usr/lib/python2.5/lib-dynload/_bisect.so
b789a000-b78a2000 r-xp 00000000 08:03 114600     /usr/lib/python-support/python-mysqldb/python2.5/_mysql.so
b78a2000-b78a6000 rw-p 00007000 08:03 114600     /usr/lib/python-support/python-mysqldb/python2.5/_mysql.so
b78a6000-b78a8000 r-xp 00000000 08:03 19056      /usr/lib/python2.5/lib-dynload/_hashlib.so
b78a8000-b78a9000 rw-p 00002000 08:03 19056      /usr/lib/python2.5/lib-dynload/_hashlib.so
b78a9000-b78aa000 r-xp 00000000 08:03 19009      /usr/lib/python2.5/lib-dynload/_weakref.so
b78aa000-b78ab000 rw-p 00000000 08:03 19009      /usr/lib/python2.5/lib-dynload/_weakref.so
b78ac000-b78b2000 r-xp 00000000 08:03 18527      /usr/lib/python2.5/lib-dynload/array.so
b78b2000-b78b4000 rw-p 00006000 08:03 18527      /usr/lib/python2.5/lib-dynload/array.so
b78b4000-b78f5000 rw-p b78b4000 00:00 0 
b78f5000-b78f8000 r-xp 00000000 08:03 18532      /usr/lib/python2.5/lib-dynload/fcntl.so
b78f8000-b78f9000 rw-p 00003000 08:03 18532      /usr/lib/python2.5/lib-dynload/fcntl.so
b78f9000-b78fe000 r-xp 00000000 08:03 18535      /usr/lib/python2.5/lib-dynload/itertools.so
b78fe000-b7900000 rw-p 00005000 08:03 18535      /usr/lib/python2.5/lib-dynload/itertools.so
b7900000-b7902000 r-xp 00000000 08:03 18520      /usr/lib/python2.5/lib-dynload/_random.so
b7902000-b7903000 rw-p 00002000 08:03 18520      /usr/lib/python2.5/lib-dynload/_random.so
b7903000-b7906000 r-xp 00000000 08:03 18537      /usr/lib/python2.5/lib-dynload/math.so
b7906000-b7907000 rw-p 00002000 08:03 18537      /usr/lib/python2.5/lib-dynload/math.so
b7964000-b7968000 rw-p b7964000 00:00 0 
b7968000-b796a000 r--s 0001a000 08:03 111161     /usr/lib/python2.5/site-packages/lucene/lucene-snowball-2.4.0.jar
b796a000-b796c000 r-xp 00000000 08:03 19021      /usr/lib/python2.5/lib-dynload/_functools.so
b796c000-b796d000 rw-p 00001000 08:03 19021      /usr/lib/python2.5/lib-dynload/_functools.so
b796d000-b7ab2000 rw-p b796d000 00:00 0 
b7ab2000-b7ac1000 r-xp 00000000 08:03 19013      /usr/lib/python2.5/lib-dynload/datetime.so
b7ac1000-b7ac4000 rw-p 0000e000 08:03 19013      /usr/lib/python2.5/lib-dynload/datetime.so
b7ac4000-b7ad8000 r-xp 00000000 08:03 9249       /usr/lib/libz.so.1.2.3.3
b7ad8000-b7ad9000 rw-p 00013000 08:03 9249       /usr/lib/libz.so.1.2.3.3
b7ad9000-b7c03000 r-xp 00000000 08:03 17124      /usr/lib/i686/cmov/libcrypto.so.0.9.8
b7c03000-b7c18000 rw-p 00129000 08:03 17124      /usr/lib/i686/cmov/libcrypto.so.0.9.8
b7c18000-b7c1b000 rw-p b7c18000 00:00 0 
b7c1b000-b7c59000 r-xp 00000000 08:03 17125      /usr/lib/i686/cmov/libssl.so.0.9.8
b7c59000-b7c5d000 rw-p 0003d000 08:03 17125      /usr/lib/i686/cmov/libssl.so.0.9.8
b7c5d000-b7c5e000 r--s 00002000 08:03 111164     /usr/lib/python2.5/site-packages/lucene/lucene-regex-2.4.0.jar
b7c5e000-b7c5f000 rwxp b7c5e000 00:00 0 
b7c5f000-b7c63000 r-xp 00000000 08:03 18529      /usr/lib/python2.5/lib-dynload/binascii.so
b7c63000-b7c64000 rw-p 00003000 08:03 18529      /usr/lib/python2.5/lib-dynload/binascii.so
b7c64000-b7c68000 r-xp 00000000 08:03 19015      /usr/lib/python2.5/lib-dynload/collections.so
b7c68000-b7c69000 rw-p 00004000 08:03 19015      /usr/lib/python2.5/lib-dynload/collections.so
b7c69000-b7c6c000 r-xp 00000000 08:03 18525      /usr/lib/python2.5/lib-dynload/cStringIO.so
b7c6c000-b7c6d000 rw-p 00003000 08:03 18525      /usr/lib/python2.5/lib-dynload/cStringIO.so
b7c6d000-b7c70000 r-xp 00000000 08:03 19054      /usr/lib/python2.5/lib-dynload/_ssl.so
b7c70000-b7c71000 rw-p 00003000 08:03 19054      /usr/lib/python2.5/lib-dynload/_ssl.so
b7c71000-b7c7c000 r-xp 00000000 08:03 18522      /usr/lib/python2.5/lib-dynload/_socket.so
b7c7c000-b7c7f000 rw-p 0000a000 08:03 18522      /usr/lib/python2.5/lib-dynload/_socket.so
b7c7f000-b7c82000 r-xp 00000000 08:03 18547      /usr/lib/python2.5/lib-dynload/time.so
b7c82000-b7c84000 rw-p 00002000 08:03 18547      /usr/lib/python2.5/lib-dynload/time.so
b7c84000-b7cc5000 rw-p b7c84000 00:00 0 
b7cc5000-b7cc6000 r--p b7cc5000 00:00 0 
b7cc6000-b7cca000 r-xp 00000000 08:03 18543      /usr/lib/python2.5/lib-dynload/strop.so
b7cca000-b7ccc000 rw-p 00004000 08:03 18543      /usr/lib/python2.5/lib-dynload/strop.so
b7ccc000-b7d0e000 rw-p b7ccc000 00:00 0 
b7d0e000-b7d15000 r--s 00000000 08:03 2420       /usr/lib/gconv/gconv-modules.cache
b7d15000-b7d54000 r--p 00000000 08:03 12234      /usr/lib/locale/en_US.utf8/LC_CTYPE
b7d54000-b7dd7000 rw-p b7d54000 00:00 0 
b7dd7000-b7f20000 r-xp 00000000 08:03 2480       /lib/tls/i686/cmov/libc-2.7.so
b7f20000-b7f21000 r--p 00149000 08:03 2480       /lib/tls/i686/cmov/libc-2.7.so
b7f21000-b7f23000 rw-p 0014a000 08:03 2480       /lib/tls/i686/cmov/libc-2.7.so
b7f23000-b7f26000 rw-p b7f23000 00:00 0 
b7f26000-b7f49000 r-xp 00000000 08:03 6892       /lib/tls/i686/cmov/libm-2.7.so
b7f49000-b7f4b000 rw-p 00023000 08:03 6892       /lib/tls/i686/cmov/libm-2.7.so
b7f4b000-b7f4d000 r-xp 00000000 08:03 10809      /lib/tls/i686/cmov/libutil-2.7.so
b7f4d000-b7f4f000 rw-p 00001000 08:03 10809      /lib/tls/i686/cmov/libutil-2.7.so
b7f4f000-b7f50000 rw-p b7f4f000 00:00 0 
b7f50000-b7f52000 r-xp 00000000 08:03 6098       /lib/tls/i686/cmov/libdl-2.7.so
b7f52000-b7f54000 rw-p 00001000 08:03 6098       /lib/tls/i686/cmov/libdl-2.7.so
b7f54000-b7f68000 r-xp 00000000 08:03 9252       /lib/tls/i686/cmov/libpthread-2.7.so
b7f68000-b7f6a000 rw-p 00013000 08:03 9252       /lib/tls/i686/cmov/libpthread-2.7.so
b7f6a000-b7f6c000 rw-p b7f6a000 00:00 0 
b7f6c000-b7f71000 r-xp 00000000 08:03 18523      /usr/lib/python2.5/lib-dynload/_struct.so
b7f71000-b7f72000 rw-p 00005000 08:03 18523      /usr/lib/python2.5/lib-dynload/_struct.so
b7f72000-b7f77000 r-xp 00000000 08:03 18539      /usr/lib/python2.5/lib-dynload/operator.so
b7f77000-b7f78000 rw-p 00005000 08:03 18539      /usr/lib/python2.5/lib-dynload/operator.so
b7f78000-b7f7b000 r-xp 00000000 08:03 19030      /usr/lib/python2.5/lib-dynload/_locale.so
b7f7b000-b7f7c000 rw-p 00003000 08:03 19030      /usr/lib/python2.5/lib-dynload/_locale.so
b7f7c000-b7f7e000 rw-p b7f7c000 00:00 0 
b7f7e000-b7f7f000 r-xp b7f7e000 00:00 0          [vdso]
b7f7f000-b7f99000 r-xp 00000000 08:03 16652      /lib/ld-2.7.so
b7f99000-b7f9b000 rw-p 00019000 08:03 16652      /lib/ld-2.7.so
bfa0b000-bfa0e000 ---p bfa0b000 00:00 0 
bfa0e000-bfa5b000 rwxp bffb1000 00:00 0          [stack]
bfa5b000-bfa5d000 rw-p bfffe000 00:00 0 

VM Arguments:
java_command: <unknown>
Launcher Type: generic

Environment Variables:
JAVA_HOME=/usr/lib/jvm/java-6-sun
CLASSPATH=/home/b/App/glassfish-v2ur2/lib/javaee.jar
PATH=/home/b/Programming/Library/java/hadoop-0.18.3/bin:/home/b/Programming/Library/Python/google_appengine:/usr/local/sbin:/usr/local/bin:/usr/sbin:/usr/bin:/sbin:/bin:/usr/games
USERNAME=b
LD_LIBRARY_PATH=/usr/lib/jvm/java-6-sun/jre/lib/i386/server:/usr/lib/jvm/java-6-sun/jre/lib/i386:/usr/lib/python2.5/site-packages:
SHELL=/bin/bash
DISPLAY=:0.0

Signal Handlers:
SIGSEGV: [libjvm.so+0x5edc30], sa_mask[0]=0x7ffbfeff, sa_flags=0x10000004
SIGBUS: [libjvm.so+0x5edc30], sa_mask[0]=0x7ffbfeff, sa_flags=0x10000004
SIGFPE: [libjvm.so+0x4fc6a0], sa_mask[0]=0x7ffbfeff, sa_flags=0x10000004
SIGPIPE: SIG_IGN, sa_mask[0]=0x00001000, sa_flags=0x10000000
SIGXFSZ: [libjvm.so+0x4fc6a0], sa_mask[0]=0x7ffbfeff, sa_flags=0x10000004
SIGILL: [libjvm.so+0x4fc6a0], sa_mask[0]=0x7ffbfeff, sa_flags=0x10000004
SIGUSR1: SIG_DFL, sa_mask[0]=0x00000000, sa_flags=0x00000000
SIGUSR2: [libjvm.so+0x4fe6e0], sa_mask[0]=0x00000000, sa_flags=0x10000004
SIGHUP: [libjvm.so+0x4fe480], sa_mask[0]=0x7ffbfeff, sa_flags=0x10000004
SIGINT: [libjvm.so+0x4fe480], sa_mask[0]=0x7ffbfeff, sa_flags=0x10000004
SIGTERM: [libjvm.so+0x4fe480], sa_mask[0]=0x7ffbfeff, sa_flags=0x10000004
SIGQUIT: [libjvm.so+0x4fe480], sa_mask[0]=0x7ffbfeff, sa_flags=0x10000004


---------------  S Y S T E M  ---------------

OS:lenny/sid

uname:Linux 2.6.24-24-generic #1 SMP Wed Mar 25 12:16:54 UTC 2009 i686
libc:glibc 2.7 NPTL 2.7 
rlimit: STACK 8192k, CORE 0k, NPROC 8115, NOFILE 1024, AS infinity
load average:1.32 0.90 0.66

CPU:total 1 (1 cores per cpu, 1 threads per core) family 6 model 6 stepping 1, cmov, cx8, fxsr, mmx, sse, sse2, sse3, ssse3

Memory: 4k page, physical 1025688k(14364k free), swap 2835432k(2515240k free)

vm_info: Java HotSpot(TM) Server VM (10.0-b23) for linux-x86 JRE (1.6.0_07-b06), built on Jun 10 2008 01:20:15 by "java_re" with gcc 3.2.1-7a (J2SE release)

time: Sun Apr 19 18:12:14 2009
elapsed time: 94 seconds

