2009-03-29 11:49:56,183 INFO f0cb50df476ad93c22f7c6410e8fff68 谷歌手机
2009-03-29 16:39:47,277 INFO f0cb50df476ad93c22f7c6410e8fff68 手机 370 http://item.feedsky.com/~feedsky/anysql/~1216713/86677437/1230545/1/item.html
2009-03-29 16:52:00,277 INFO f0cb50df476ad93c22f7c6410e8fff68 手机 370 http://item.feedsky.com/~feedsky/anysql/~1216713/86677437/1230545/1/item.html
2009-03-29 16:52:52,164 INFO f0cb50df476ad93c22f7c6410e8fff68 手机 370 http://item.feedsky.com/~feedsky/anysql/~1216713/86677437/1230545/1/item.html
2009-03-29 16:53:33,819 INFO f0cb50df476ad93c22f7c6410e8fff68 手机 370 http://item.feedsky.com/~feedsky/anysql/~1216713/86677437/1230545/1/item.html
2009-03-29 16:54:05,684 INFO f0cb50df476ad93c22f7c6410e8fff68 手机 370 http://item.feedsky.com/~feedsky/anysql/~1216713/86677437/1230545/1/item.html
2009-03-29 17:20:30,203 INFO a7bdea20a7ec440adfab38f345816c6b 淘宝 463 http://www.gseeker.com/50226711/e_vs_170742.php
2009-03-29 17:29:08,009 INFO a7bdea20a7ec440adfab38f345816c6b 淘宝 463 http://www.gseeker.com/50226711/e_vs_170742.php
2009-03-29 17:48:03,373 INFO a7bdea20a7ec440adfab38f345816c6b 淘宝 1802 http://rdc.taobao.com/blog/dba/html/203_taobao_jobs_2009.html
2009-03-29 20:42:04,164 INFO a7bdea20a7ec440adfab38f345816c6b 阿里巴巴 4509 http://www.wenbin.me/internet/alibaba2009-love.html
2009-03-29 20:52:35,989 INFO a7bdea20a7ec440adfab38f345816c6b 阿里巴巴 445 http://blog.sina.com.cn/s/blog_3d25beef0100913s.html
2009-03-29 21:33:19,322 INFO a7bdea20a7ec440adfab38f345816c6b java 557 http://feedproxy.google.com/~r/AnySQL/~3/VjVje3pscmY/java_free_memory.html
2009-03-30 10:01:02,354 INFO a7bdea20a7ec440adfab38f345816c6b java 326 http://www.joelonsoftware.com/items/2009/01/12.html
2009-03-30 10:01:15,202 INFO a7bdea20a7ec440adfab38f345816c6b java 744 http://www.cnjm.net/bbs/viewthread.php
2009-03-30 10:04:54,462 INFO a7bdea20a7ec440adfab38f345816c6b 贸易 3327 http://speedrunner.blogbus.com/logs/28387479.html
2009-03-30 21:22:14,488 INFO a7bdea20a7ec440adfab38f345816c6b java 326 http://www.joelonsoftware.com/items/2009/01/12.html
2009-03-30 21:57:45,932 INFO a7bdea20a7ec440adfab38f345816c6b java 4765 http://www.oschina.net/news/1101
2009-03-31 15:40:03,641 INFO a7bdea20a7ec440adfab38f345816c6b google 1 http://stopdesign.com/archive/2009/03/20/goodbye-google.html
2009-03-31 18:53:17,683 INFO a7bdea20a7ec440adfab38f345816c6b 云计算 187 http://9.douban.com/site/entry/92001401/view
2009-03-31 20:35:53,944 INFO a7bdea20a7ec440adfab38f345816c6b java 758 http://www.williamlong.info/archives/1291.html
2009-03-31 20:36:04,533 INFO a7bdea20a7ec440adfab38f345816c6b java 744 http://www.cnjm.net/bbs/viewthread.php
2009-03-31 21:41:49,835 INFO a7bdea20a7ec440adfab38f345816c6b java 744 http://www.williamlong.info/archives/1314.html
